2022-11-09 19:19:10.520 [info] Added views:workbench.panel.markers.view in workbench.panel.markers
2022-11-09 19:19:10.520 [info] Added views:workbench.panel.output in workbench.panel.output
2022-11-09 19:19:10.520 [info] Added views:terminal in terminal
2022-11-09 19:19:10.520 [info] Added views:outline in workbench.view.explorer
2022-11-09 19:19:10.520 [info] Added views:workbench.scm in workbench.view.scm
2022-11-09 19:19:10.520 [info] Added views:workbench.view.search in workbench.view.search
2022-11-09 19:19:10.520 [info] Added views:timeline in workbench.view.explorer
2022-11-09 19:19:10.520 [info] Added views:workbench.explorer.emptyView in workbench.view.explorer
2022-11-09 19:19:10.520 [info] Added views:workbench.debug.variablesView,workbench.debug.watchExpressionsView,workbench.debug.callStackView,workbench.debug.breakPointsView in workbench.view.debug
2022-11-09 19:19:11.099 [info] Added views:workbench.panel.repl.view in workbench.panel.repl
2022-11-09 19:19:11.100 [info] Removed views:workbench.debug.breakPointsView,workbench.debug.callStackView,workbench.debug.watchExpressionsView,workbench.debug.variablesView from workbench.view.debug
2022-11-09 19:19:11.101 [info] Added views:workbench.debug.welcome in workbench.view.debug
2022-11-09 19:19:28.571 [info] Added views:workbench.views.extensions.installed,workbench.views.extensions.popular,extensions.recommendedList in workbench.view.extensions
2022-11-09 19:19:28.573 [info] Removed views:workbench.views.extensions.popular from workbench.view.extensions
2022-11-09 19:19:50.512 [info] Added views:workbench.panel.markers.view in workbench.panel.markers
2022-11-09 19:19:50.512 [info] Added views:workbench.panel.output in workbench.panel.output
2022-11-09 19:19:50.512 [info] Added views:terminal in terminal
2022-11-09 19:19:50.512 [info] Added views:outline in workbench.view.explorer
2022-11-09 19:19:50.512 [info] Added views:workbench.scm in workbench.view.scm
2022-11-09 19:19:50.512 [info] Added views:workbench.view.search in workbench.view.search
2022-11-09 19:19:50.512 [info] Added views:timeline in workbench.view.explorer
2022-11-09 19:19:50.512 [info] Added views:workbench.explorer.fileView in workbench.view.explorer
2022-11-09 19:19:50.512 [info] Added views:workbench.debug.variablesView,workbench.debug.watchExpressionsView,workbench.debug.callStackView,workbench.debug.breakPointsView in workbench.view.debug
2022-11-09 19:19:51.275 [info] Added views:workbench.panel.repl.view in workbench.panel.repl
2022-11-09 19:19:51.277 [info] Removed views:workbench.debug.breakPointsView,workbench.debug.callStackView,workbench.debug.watchExpressionsView,workbench.debug.variablesView from workbench.view.debug
2022-11-09 19:19:51.278 [info] Added views:workbench.debug.welcome in workbench.view.debug
2022-11-09 19:28:20.884 [info] Added views:workbench.views.extensions.installed,workbench.views.extensions.popular,extensions.recommendedList in workbench.view.extensions
2022-11-09 19:28:20.886 [info] Removed views:workbench.views.extensions.popular from workbench.view.extensions
2022-11-09 19:28:23.194 [info] Removed views:extensions.recommendedList,workbench.views.extensions.installed from workbench.view.extensions
2022-11-09 19:28:23.206 [info] Added views:workbench.views.extensions.marketplace in workbench.view.extensions
