[ 05/11/2022 21:25:54 ] ---
[ 05/11/2022 21:25:54 ] Creating necessary directory...
[ 05/11/2022 21:25:54 ] Create directory /home/chad/.config/rclone successful
[ 05/11/2022 21:25:54 ] Check write to /home/chad/.config/rclone successful
[ 05/11/2022 21:25:54 ] Create directory /home/chad/.config/accounts successful
[ 05/11/2022 21:25:54 ] Check write to /home/chad/.config/accounts successful
[ 05/11/2022 21:25:54 ] Create directory /home/chad/bin successful
[ 05/11/2022 21:25:54 ] Check write to /home/chad/bin successful
[ 05/11/2022 21:25:54 ] Checking OS...
[ 05/11/2022 21:25:54 ] Sorry! We do not support your OS. Exit
[ 05/11/2022 21:25:59 ] ---
[ 05/11/2022 21:25:59 ] Creating necessary directory...
[ 05/11/2022 21:25:59 ] Directory /home/chad/.config/rclone existed. Skip
[ 05/11/2022 21:25:59 ] Check write to /home/chad/.config/rclone successful
[ 05/11/2022 21:25:59 ] Create directory /home/chad/.config/accounts successful
[ 05/11/2022 21:25:59 ] Check write to /home/chad/.config/accounts successful
[ 05/11/2022 21:25:59 ] Directory /home/chad/bin existed. Skip
[ 05/11/2022 21:25:59 ] Check write to /home/chad/bin successful
[ 05/11/2022 21:25:59 ] Checking OS...
[ 05/11/2022 21:25:59 ] Sorry! We do not support your OS. Exit
