2023-02-14 19:49:40.671 [info] Log level: Info
2023-02-14 19:49:40.671 [info] Validating found git in: "git"
2023-02-14 19:49:40.671 [info] Using git "2.39.1" from "git"
2023-02-14 19:49:40.671 [info] > git rev-parse --show-toplevel [2ms]
2023-02-14 19:49:40.671 [info] fatal: not a git repository (or any parent up to mount point /)
Stopping at filesystem boundary (GIT_DISCOVERY_ACROSS_FILESYSTEM not set).
2023-02-14 19:49:40.671 [info] > git rev-parse --show-toplevel [1ms]
2023-02-14 19:49:40.671 [info] fatal: not a git repository (or any parent up to mount point /)
Stopping at filesystem boundary (GIT_DISCOVERY_ACROSS_FILESYSTEM not set).
2023-02-14 19:49:40.671 [info] > git rev-parse --show-toplevel [0ms]
2023-02-14 19:49:40.671 [info] fatal: not a git repository (or any parent up to mount point /)
Stopping at filesystem boundary (GIT_DISCOVERY_ACROSS_FILESYSTEM not set).
2023-02-14 19:49:40.671 [info] > git rev-parse --show-toplevel [1ms]
2023-02-14 19:49:40.671 [info] fatal: not a git repository (or any parent up to mount point /)
Stopping at filesystem boundary (GIT_DISCOVERY_ACROSS_FILESYSTEM not set).
2023-02-14 19:49:40.912 [info] > git rev-parse --show-toplevel [1ms]
2023-02-14 19:49:40.913 [info] fatal: not a git repository (or any parent up to mount point /)
Stopping at filesystem boundary (GIT_DISCOVERY_ACROSS_FILESYSTEM not set).
2023-02-14 19:49:41.018 [info] > git rev-parse --show-toplevel [1ms]
2023-02-14 19:49:41.018 [info] fatal: not a git repository (or any parent up to mount point /)
Stopping at filesystem boundary (GIT_DISCOVERY_ACROSS_FILESYSTEM not set).
