[1/01/2023-20:36:47]main > error trying to set discord activity
[1/01/2023-20:36:56]main > error trying to set discord activity
[1/01/2023-20:38:57]renderer > Error: Client network socket disconnected before secure TLS connection was established
[1/01/2023-20:39:7]main > Main process failed to react to IPC clear queue event
[1/01/2023-20:39:7]main > error trying to set discord activity
[1/01/2023-20:39:8]renderer > Error: Client network socket disconnected before secure TLS connection was established
[1/01/2023-20:41:11]main > error trying to set discord activity
[1/01/2023-20:41:11]main > error trying to set discord activity
[1/01/2023-20:41:11]main > error trying to set discord activity
[1/01/2023-20:42:13]main > error trying to set discord activity
[1/01/2023-20:42:13]main > error trying to set discord activity
[1/01/2023-20:42:13]main > error trying to set discord activity
[1/01/2023-20:42:13]renderer > Error while searching  for My Chemical Romance Welcome to the Black Parade on Youtube
[1/01/2023-20:42:13]renderer > Error: Client network socket disconnected before secure TLS connection was established
[1/01/2023-20:42:38]main > Main process failed to react to IPC clear queue event
[1/01/2023-20:42:38]main > error trying to set discord activity
[1/01/2023-20:42:49]main > error trying to set discord activity
[1/01/2023-20:42:50]main > error trying to set discord activity
[1/01/2023-20:42:50]main > error trying to set discord activity
[1/01/2023-20:42:57]main > error trying to set discord activity
[1/01/2023-20:42:57]main > error trying to set discord activity
[1/01/2023-20:42:57]main > error trying to set discord activity
[1/01/2023-20:44:7]main > error trying to set discord activity
[1/01/2023-20:45:3]main > Main process failed to react to IPC clear queue event
[1/01/2023-20:45:3]main > error trying to set discord activity
[1/01/2023-20:45:53]main > error trying to set discord activity
[1/01/2023-20:46:4]main > error trying to set discord activity
[1/01/2023-20:46:4]renderer > Error while searching  for Clin't Eastwood Gorilazz on Youtube
[1/01/2023-20:46:4]renderer > Error: Client network socket disconnected before secure TLS connection was established
[1/01/2023-20:46:6]renderer > Error while searching  for Gorillaz Gorilazz - 19 - 2000 on Youtube
[1/01/2023-20:46:6]renderer > Error: Cannot find module '/opt/nuclear/resources/app.asar/package.json'
[1/01/2023-20:46:14]main > error trying to set discord activity
[1/01/2023-20:46:35]main > error trying to set discord activity
[1/01/2023-20:46:35]main > error trying to set discord activity
[3/01/2023-16:15:21]main > Main process failed to react to IPC clear queue event
[3/01/2023-16:15:21]main > error trying to set discord activity
[3/01/2023-16:15:21]main > error trying to set discord activity
[3/01/2023-16:16:16]main > Main process failed to react to IPC clear queue event
[3/01/2023-16:16:16]main > error trying to set discord activity
[3/01/2023-16:16:16]main > error trying to set discord activity
[3/01/2023-16:16:25]main > error trying to set discord activity
[3/01/2023-16:16:25]main > error trying to set discord activity
[3/01/2023-16:16:25]main > error trying to set discord activity
[3/01/2023-16:16:47]renderer > Error while searching  for Imagine Dragons On Top Of The World on Youtube
[3/01/2023-16:16:47]renderer > Error: Cannot find module '/opt/nuclear/resources/app.asar/package.json'
[3/01/2023-16:19:45]main > error trying to set discord activity
[3/01/2023-16:19:45]main > error trying to set discord activity
[3/01/2023-16:19:45]main > error trying to set discord activity
[3/01/2023-16:20:37]main > error trying to set discord activity
[3/01/2023-16:20:37]main > error trying to set discord activity
[3/01/2023-16:20:37]main > error trying to set discord activity
[3/01/2023-16:24:12]main > error trying to set discord activity
[3/01/2023-16:24:12]main > error trying to set discord activity
[3/01/2023-16:24:12]main > error trying to set discord activity
