2022-11-16 18:22:02.625 [info] Validating found git in: git
2022-11-16 18:22:02.625 [info] Using git 2.38.1 from git
2022-11-16 18:22:02.625 [info] > git rev-parse --show-toplevel [8ms]
2022-11-16 18:22:02.625 [info] fatal: not a git repository (or any parent up to mount point /)
Stopping at filesystem boundary (GIT_DISCOVERY_ACROSS_FILESYSTEM not set).
2022-11-16 18:22:55.394 [info] > git rev-parse --show-toplevel [1ms]
2022-11-16 18:22:55.394 [info] fatal: not a git repository (or any parent up to mount point /)
Stopping at filesystem boundary (GIT_DISCOVERY_ACROSS_FILESYSTEM not set).
2022-11-16 18:23:07.999 [info] > git rev-parse --show-toplevel [1ms]
2022-11-16 18:23:07.999 [info] fatal: not a git repository (or any parent up to mount point /)
Stopping at filesystem boundary (GIT_DISCOVERY_ACROSS_FILESYSTEM not set).
2022-11-16 18:36:33.454 [info] > git rev-parse --show-toplevel [1ms]
2022-11-16 18:36:33.454 [info] fatal: not a git repository (or any parent up to mount point /)
Stopping at filesystem boundary (GIT_DISCOVERY_ACROSS_FILESYSTEM not set).
2022-11-16 18:36:47.182 [info] > git rev-parse --show-toplevel [1ms]
2022-11-16 18:36:47.182 [info] fatal: not a git repository (or any parent up to mount point /)
Stopping at filesystem boundary (GIT_DISCOVERY_ACROSS_FILESYSTEM not set).
2022-11-16 19:18:17.904 [info] > git rev-parse --show-toplevel [1ms]
2022-11-16 19:18:17.904 [info] fatal: not a git repository (or any parent up to mount point /)
Stopping at filesystem boundary (GIT_DISCOVERY_ACROSS_FILESYSTEM not set).
2022-11-16 19:18:39.037 [info] > git rev-parse --show-toplevel [1ms]
2022-11-16 19:18:39.037 [info] fatal: not a git repository (or any parent up to mount point /)
Stopping at filesystem boundary (GIT_DISCOVERY_ACROSS_FILESYSTEM not set).
2022-11-16 19:33:51.904 [info] > git rev-parse --show-toplevel [0ms]
2022-11-16 19:33:51.905 [info] fatal: not a git repository (or any parent up to mount point /)
Stopping at filesystem boundary (GIT_DISCOVERY_ACROSS_FILESYSTEM not set).
2022-11-16 19:35:31.775 [info] > git rev-parse --show-toplevel [2ms]
2022-11-16 19:35:31.775 [info] fatal: not a git repository (or any parent up to mount point /)
Stopping at filesystem boundary (GIT_DISCOVERY_ACROSS_FILESYSTEM not set).
2022-11-16 19:38:32.932 [info] > git rev-parse --show-toplevel [1ms]
2022-11-16 19:38:32.933 [info] fatal: not a git repository (or any parent up to mount point /)
Stopping at filesystem boundary (GIT_DISCOVERY_ACROSS_FILESYSTEM not set).
