 
New instance of bashtop version: 0.9.25 Pid: 26279
 
New instance of bashtop version: 0.9.25 Pid: 13433
 
New instance of bashtop version: 0.9.25 Pid: 2102
 
New instance of bashtop version: 0.9.25 Pid: 14676
 
New instance of bashtop version: 0.9.25 Pid: 1337
 
New instance of bashtop version: 0.9.25 Pid: 1604
 
New instance of bashtop version: 0.9.25 Pid: 1994
error: process ID out of range

Usage:
 ps [options]

 Try 'ps --help <simple|list|output|threads|misc|all>'
  or 'ps --help <s|l|o|t|m|a>'
 for additional help text.

For more details see ps(1).
04:23:50 PM ERROR: On line 2457 
 
New instance of bashtop version: 0.9.25 Pid: 11535
 
New instance of bashtop version: 0.9.25 Pid: 3946
 
New instance of bashtop version: 0.9.25 Pid: 10714
 
New instance of bashtop version: 0.9.25 Pid: 2213
 
New instance of bashtop version: 0.9.25 Pid: 48099
 
New instance of bashtop version: 0.9.25 Pid: 13829
 
New instance of bashtop version: 0.9.25 Pid: 13428
 
New instance of bashtop version: 0.9.25 Pid: 16525
 
New instance of bashtop version: 0.9.25 Pid: 18528
 
New instance of bashtop version: 0.9.25 Pid: 53936
 
New instance of bashtop version: 0.9.25 Pid: 1319
 
New instance of bashtop version: 0.9.25 Pid: 2684
 
New instance of bashtop version: 0.9.25 Pid: 3768
 
New instance of bashtop version: 0.9.25 Pid: 4177
 
New instance of bashtop version: 0.9.25 Pid: 8748
 
New instance of bashtop version: 0.9.25 Pid: 22399
 
New instance of bashtop version: 0.9.25 Pid: 15664
 
New instance of bashtop version: 0.9.25 Pid: 1365
 
New instance of bashtop version: 0.9.25 Pid: 2163
 
New instance of bashtop version: 0.9.25 Pid: 3017
 
New instance of bashtop version: 0.9.25 Pid: 1849
 
New instance of bashtop version: 0.9.25 Pid: 3926
 
New instance of bashtop version: 0.9.25 Pid: 4067
 
New instance of bashtop version: 0.9.25 Pid: 4134
 
New instance of bashtop version: 0.9.25 Pid: 8315
 
New instance of bashtop version: 0.9.25 Pid: 8607
 
New instance of bashtop version: 0.9.25 Pid: 9035
 
New instance of bashtop version: 0.9.25 Pid: 11969
 
New instance of bashtop version: 0.9.25 Pid: 12624
 
New instance of bashtop version: 0.9.25 Pid: 2303
 
New instance of bashtop version: 0.9.25 Pid: 5087
 
New instance of bashtop version: 0.9.25 Pid: 18822
 
New instance of bashtop version: 0.9.25 Pid: 9953
 
New instance of bashtop version: 0.9.25 Pid: 3158
 
New instance of bashtop version: 0.9.25 Pid: 3451
 
New instance of bashtop version: 0.9.25 Pid: 3567
 
New instance of bashtop version: 0.9.25 Pid: 3758
 
New instance of bashtop version: 0.9.25 Pid: 4692
 
New instance of bashtop version: 0.9.25 Pid: 4788
 
New instance of bashtop version: 0.9.25 Pid: 5313
 
New instance of bashtop version: 0.9.25 Pid: 5754
 
New instance of bashtop version: 0.9.25 Pid: 1502
 
New instance of bashtop version: 0.9.25 Pid: 2999
 
New instance of bashtop version: 0.9.25 Pid: 8869
 
New instance of bashtop version: 0.9.25 Pid: 4602
 
New instance of bashtop version: 0.9.25 Pid: 5377
 
New instance of bashtop version: 0.9.25 Pid: 6063
 
New instance of bashtop version: 0.9.25 Pid: 6663
 
New instance of bashtop version: 0.9.25 Pid: 2677
 
New instance of bashtop version: 0.9.25 Pid: 892
 
New instance of bashtop version: 0.9.25 Pid: 95207
 
New instance of bashtop version: 0.9.25 Pid: 95451
 
New instance of bashtop version: 0.9.25 Pid: 45208
 
New instance of bashtop version: 0.9.25 Pid: 14307
 
New instance of bashtop version: 0.9.25 Pid: 13909
 
New instance of bashtop version: 0.9.25 Pid: 17257
 
New instance of bashtop version: 0.9.25 Pid: 4674
 
New instance of bashtop version: 0.9.25 Pid: 5293
 
New instance of bashtop version: 0.9.25 Pid: 7531
 
New instance of bashtop version: 0.9.25 Pid: 23256
Signal 1 (HUP) caught by ps (3.3.17).
 
New instance of bashtop version: 0.9.25 Pid: 23877
