2023-02-14 19:49:25.317 [info] Log level: Info
2023-02-14 19:49:25.317 [info] Validating found git in: "git"
2023-02-14 19:49:25.317 [info] Using git "2.39.1" from "git"
2023-02-14 19:49:25.317 [info] > git rev-parse --show-toplevel [3ms]
2023-02-14 19:49:25.317 [info] fatal: not a git repository (or any parent up to mount point /)
Stopping at filesystem boundary (GIT_DISCOVERY_ACROSS_FILESYSTEM not set).
2023-02-14 19:49:25.317 [info] > git rev-parse --show-toplevel [1ms]
2023-02-14 19:49:25.317 [info] fatal: not a git repository (or any parent up to mount point /)
Stopping at filesystem boundary (GIT_DISCOVERY_ACROSS_FILESYSTEM not set).
2023-02-14 19:49:25.317 [info] > git rev-parse --show-toplevel [1ms]
2023-02-14 19:49:25.317 [info] fatal: not a git repository (or any parent up to mount point /)
Stopping at filesystem boundary (GIT_DISCOVERY_ACROSS_FILESYSTEM not set).
2023-02-14 19:49:25.317 [info] > git rev-parse --show-toplevel [0ms]
2023-02-14 19:49:25.317 [info] fatal: not a git repository (or any parent up to mount point /)
Stopping at filesystem boundary (GIT_DISCOVERY_ACROSS_FILESYSTEM not set).
2023-02-14 19:49:25.488 [info] > git rev-parse --show-toplevel [0ms]
2023-02-14 19:49:25.488 [info] fatal: not a git repository (or any parent up to mount point /)
Stopping at filesystem boundary (GIT_DISCOVERY_ACROSS_FILESYSTEM not set).
2023-02-14 19:49:25.546 [info] > git rev-parse --show-toplevel [1ms]
2023-02-14 19:49:25.546 [info] fatal: not a git repository (or any parent up to mount point /)
Stopping at filesystem boundary (GIT_DISCOVERY_ACROSS_FILESYSTEM not set).
