Mono path[0] = '/home/chad/.local/share/Steam/steamapps/common/Kingdom Two Crowns/KingdomTwoCrowns_Data/Managed'
Mono config path = '/home/chad/.local/share/Steam/steamapps/common/Kingdom Two Crowns/KingdomTwoCrowns_Data/MonoBleedingEdge/etc'
Preloaded 'libsteam_api.so'
Display 0 'MSI G271 27"': 1920x1080 (primary device).
Desktop is 1920 x 1080 @ 144 Hz
Initialize engine version: 2019.4.13f1 (518737b1de84)
[Subsystems] Discovering subsystems at path /home/chad/.local/share/Steam/steamapps/common/Kingdom Two Crowns/KingdomTwoCrowns_Data/UnitySubsystems
GfxDevice: creating device client; threaded=1
Renderer: Mesa Intel(R) UHD Graphics (CML GT2)
Vendor:   Intel
Version:  4.6 (Core Profile) Mesa 22.1.7
GLES:     0
 GL_3DFX_texture_compression_FXT1 GL_AMD_conservative_depth GL_AMD_depth_clamp_separate GL_AMD_draw_buffers_blend GL_AMD_gpu_shader_int64 GL_AMD_multi_draw_indirect GL_AMD_performance_monitor GL_AMD_pinned_memory GL_AMD_query_buffer_object GL_AMD_seamless_cubemap_per_texture GL_AMD_shader_stencil_export GL_AMD_shader_trinary_minmax GL_AMD_texture_texture4 GL_AMD_vertex_shader_layer GL_AMD_vertex_shader_viewport_index GL_ANGLE_texture_compression_dxt3 GL_ANGLE_texture_compression_dxt5 GL_ARB_ES2_compatibility GL_ARB_ES3_1_compatibility GL_ARB_ES3_2_compatibility GL_ARB_ES3_compatibility GL_ARB_arrays_of_arrays GL_ARB_base_instance GL_ARB_blend_func_extended GL_ARB_buffer_storage GL_ARB_clear_buffer_object GL_ARB_clear_texture GL_ARB_clip_control GL_ARB_compressed_texture_pixel_storage GL_ARB_compute_shader GL_ARB_compute_variable_group_size GL_ARB_conditional_render_inverted GL_ARB_conservative_depth GL_ARB_copy_buffer GL_ARB_copy_image GL_ARB_cull_distance GL_ARB_debug_output GL_ARB_depth_buffer_float GL_ARB
_depth_clamp GL_ARB_derivative_control GL_ARB_direct_state_access GL_ARB_draw_buffers GL_ARB_draw_buffers_blend GL_ARB_draw_elements_base_vertex GL_ARB_draw_indirect GL_ARB_draw_instanced GL_ARB_enhanced_layouts GL_ARB_explicit_attrib_location GL_ARB_explicit_uniform_location GL_ARB_fragment_coord_conventions GL_ARB_fragment_layer_viewport GL_ARB_fragment_shader GL_ARB_fragment_shader_interlock GL_ARB_framebuffer_no_attachments GL_ARB_framebuffer_object GL_ARB_framebuffer_sRGB GL_ARB_get_program_binary GL_ARB_get_texture_sub_image GL_ARB_gl_spirv GL_ARB_gpu_shader5 GL_ARB_gpu_shader_fp64 GL_ARB_gpu_shader_int64 GL_ARB_half_float_pixel GL_ARB_half_float_vertex GL_ARB_indirect_parameters GL_ARB_instanced_arrays GL_ARB_internalformat_query GL_ARB_internalformat_query2 GL_ARB_invalidate_subdata GL_ARB_map_buffer_alignment GL_ARB_map_buffer_range GL_ARB_multi_bind GL_ARB_multi_draw_indirect GL_ARB_occlusion_query2 GL_ARB_parallel_shader_compile GL_ARB_pipeline_statistics_query GL_ARB_pixel_buffer_object GL_ARB_po
int_sprite GL_ARB_polygon_offset_clamp GL_ARB_post_depth_coverage GL_ARB_program_interface_query GL_ARB_provoking_vertex GL_ARB_query_buffer_object GL_ARB_robust_buffer_access_behavior GL_ARB_robustness GL_ARB_sample_shading GL_ARB_sampler_objects GL_ARB_seamless_cube_map GL_ARB_seamless_cubemap_per_texture GL_ARB_separate_shader_objects GL_ARB_shader_atomic_counter_ops GL_ARB_shader_atomic_counters GL_ARB_shader_ballot GL_ARB_shader_bit_encoding GL_ARB_shader_clock GL_ARB_shader_draw_parameters GL_ARB_shader_group_vote GL_ARB_shader_image_load_store GL_ARB_shader_image_size GL_ARB_shader_objects GL_ARB_shader_precision GL_ARB_shader_stencil_export GL_ARB_shader_storage_buffer_object GL_ARB_shader_subroutine GL_ARB_shader_texture_image_samples GL_ARB_shader_texture_lod GL_ARB_shader_viewport_layer_array GL_ARB_shading_language_420pack GL_ARB_shading_language_include GL_ARB_shading_language_packing GL_ARB_spirv_extensions GL_ARB_stencil_texturing GL_ARB_sync GL_ARB_tessellation_shader GL_ARB_texture_barrier G
L_ARB_texture_buffer_object GL_ARB_texture_buffer_object_rgb32 GL_ARB_texture_buffer_range GL_ARB_texture_compression_bptc GL_ARB_texture_compression_rgtc GL_ARB_texture_cube_map_array GL_ARB_texture_filter_anisotropic GL_ARB_texture_float GL_ARB_texture_gather GL_ARB_texture_mirror_clamp_to_edge GL_ARB_texture_multisample GL_ARB_texture_non_power_of_two GL_ARB_texture_query_levels GL_ARB_texture_query_lod GL_ARB_texture_rectangle GL_ARB_texture_rg GL_ARB_texture_rgb10_a2ui GL_ARB_texture_stencil8 GL_ARB_texture_storage GL_ARB_texture_storage_multisample GL_ARB_texture_swizzle GL_ARB_texture_view GL_ARB_timer_query GL_ARB_transform_feedback2 GL_ARB_transform_feedback3 GL_ARB_transform_feedback_instanced GL_ARB_transform_feedback_overflow_query GL_ARB_uniform_buffer_object GL_ARB_vertex_array_bgra GL_ARB_vertex_array_object GL_ARB_vertex_attrib_64bit GL_ARB_vertex_attrib_binding GL_ARB_vertex_buffer_object GL_ARB_vertex_shader GL_ARB_vertex_type_10f_11f_11f_rev GL_ARB_vertex_type_2_10_10_10_rev GL_ARB_viewpor
t_array GL_ATI_blend_equation_separate GL_ATI_texture_float GL_EXT_EGL_image_storage GL_EXT_EGL_sync GL_EXT_abgr GL_EXT_blend_equation_separate GL_EXT_demote_to_helper_invocation GL_EXT_draw_buffers2 GL_EXT_draw_instanced GL_EXT_framebuffer_blit GL_EXT_framebuffer_multisample GL_EXT_framebuffer_multisample_blit_scaled GL_EXT_framebuffer_object GL_EXT_framebuffer_sRGB GL_EXT_memory_object GL_EXT_memory_object_fd GL_EXT_packed_depth_stencil GL_EXT_packed_float GL_EXT_pixel_buffer_object GL_EXT_polygon_offset_clamp GL_EXT_provoking_vertex GL_EXT_semaphore GL_EXT_semaphore_fd GL_EXT_shader_framebuffer_fetch GL_EXT_shader_framebuffer_fetch_non_coherent GL_EXT_shader_integer_mix GL_EXT_shader_samples_identical GL_EXT_texture_array GL_EXT_texture_compression_dxt1 GL_EXT_texture_compression_rgtc GL_EXT_texture_compression_s3tc GL_EXT_texture_filter_anisotropic GL_EXT_texture_integer GL_EXT_texture_sRGB GL_EXT_texture_sRGB_R8 GL_EXT_texture_sRGB_decode GL_EXT_texture_shadow_lod GL_EXT_texture_shared_exponent GL_EXT_t
exture_snorm GL_EXT_texture_swizzle GL_EXT_timer_query GL_EXT_transform_feedback GL_EXT_vertex_array_bgra GL_EXT_vertex_attrib_64bit GL_IBM_multimode_draw_arrays GL_INTEL_blackhole_render GL_INTEL_conservative_rasterization GL_INTEL_performance_query GL_INTEL_shader_atomic_float_minmax GL_INTEL_shader_integer_functions2 GL_KHR_blend_equation_advanced GL_KHR_blend_equation_advanced_coherent GL_KHR_context_flush_control GL_KHR_debug GL_KHR_no_error GL_KHR_parallel_shader_compile GL_KHR_robust_buffer_access_behavior GL_KHR_robustness GL_KHR_texture_compression_astc_ldr GL_KHR_texture_compression_astc_sliced_3d GL_MESA_framebuffer_flip_y GL_MESA_pack_invert GL_MESA_shader_integer_functions GL_MESA_texture_signed_rgba GL_NV_compute_shader_derivatives GL_NV_conditional_render GL_NV_copy_image GL_NV_depth_clamp GL_NV_fragment_shader_interlock GL_NV_packed_depth_stencil GL_NV_texture_barrier GL_OES_EGL_image GL_S3_s3tc
OPENGL LOG: Creating OpenGL 4.6 graphics device ; Context level  <OpenGL 4.5> ; Context handle 28031552
Begin MonoManager ReloadAssembly
- Completed reload, in  0.085 seconds
Default vsync count 1
requesting resize 1920 x 1080
Using native desktop resolution 1920 x 1080
requesting fullscreen 1920 x 1080 at 0 Hz
Desktop is 1920 x 1080 @ 144 Hz
UnloadTime: 0.350188 ms
Successfully Loaded Haglet Assemblies
Found SystemLanguage English (10): 2 
(Filename: ./Runtime/Export/Debug/Debug.bindings.h Line: 35)

[S_API] SteamAPI_Init(): Loaded '/home/chad/.local/share/Steam/linux64/steamclient.so' OK.
Setting breakpad minidump AppID = 701160
SteamInternal_SetMinidumpSteamID:  Caching Steam ID:  76561198396788215 [API loaded no]
Got AppID: 701160 
(Filename: ./Runtime/Export/Debug/Debug.bindings.h Line: 35)

Steam: Logged in as: pogpog 
(Filename: ./Runtime/Export/Debug/Debug.bindings.h Line: 35)

Fallback handler could not load library /home/chad/.local/share/Steam/steamapps/common/Kingdom Two Crowns/KingdomTwoCrowns_Data/Mono/libDataPlatform
Fallback handler could not load library /home/chad/.local/share/Steam/steamapps/common/Kingdom Two Crowns/KingdomTwoCrowns_Data/Mono/libDataPlatform.so
Fallback handler could not load library /home/chad/.local/share/Steam/steamapps/common/Kingdom Two Crowns/KingdomTwoCrowns_Data/Mono/DataPlatform
Fallback handler could not load library /home/chad/.local/share/Steam/steamapps/common/Kingdom Two Crowns/KingdomTwoCrowns_Data/Mono/libDataPlatform
Fallback handler could not load library /home/chad/.local/share/Steam/steamapps/common/Kingdom Two Crowns/KingdomTwoCrowns_Data/Mono/libDataPlatform.so
Fallback handler could not load library /home/chad/.local/share/Steam/steamapps/common/Kingdom Two Crowns/KingdomTwoCrowns_Data/Mono/libDataPlatform
Fallback handler could not load library /home/chad/.local/share/Steam/steamapps/common/Kingdom Two Crowns/KingdomTwoCrowns_Data/Mono/libStorage
Fallback handler could not load library /home/chad/.local/share/Steam/steamapps/common/Kingdom Two Crowns/KingdomTwoCrowns_Data/Mono/libStorage.so
Fallback handler could not load library /home/chad/.local/share/Steam/steamapps/common/Kingdom Two Crowns/KingdomTwoCrowns_Data/Mono/Storage
Fallback handler could not load library /home/chad/.local/share/Steam/steamapps/common/Kingdom Two Crowns/KingdomTwoCrowns_Data/Mono/libStorage
Fallback handler could not load library /home/chad/.local/share/Steam/steamapps/common/Kingdom Two Crowns/KingdomTwoCrowns_Data/Mono/libStorage.so
Fallback handler could not load library /home/chad/.local/share/Steam/steamapps/common/Kingdom Two Crowns/KingdomTwoCrowns_Data/Mono/libStorage
Fallback handler could not load library /home/chad/.local/share/Steam/steamapps/common/Kingdom Two Crowns/KingdomTwoCrowns_Data/Mono/libMarketplace
Fallback handler could not load library /home/chad/.local/share/Steam/steamapps/common/Kingdom Two Crowns/KingdomTwoCrowns_Data/Mono/libMarketplace.so
Fallback handler could not load library /home/chad/.local/share/Steam/steamapps/common/Kingdom Two Crowns/KingdomTwoCrowns_Data/Mono/Marketplace
Fallback handler could not load library /home/chad/.local/share/Steam/steamapps/common/Kingdom Two Crowns/KingdomTwoCrowns_Data/Mono/libMarketplace
Fallback handler could not load library /home/chad/.local/share/Steam/steamapps/common/Kingdom Two Crowns/KingdomTwoCrowns_Data/Mono/libMarketplace.so
Fallback handler could not load library /home/chad/.local/share/Steam/steamapps/common/Kingdom Two Crowns/KingdomTwoCrowns_Data/Mono/libMarketplace
Fallback handler could not load library /home/chad/.local/share/Steam/steamapps/common/Kingdom Two Crowns/KingdomTwoCrowns_Data/Mono/libFriends
Fallback handler could not load library /home/chad/.local/share/Steam/steamapps/common/Kingdom Two Crowns/KingdomTwoCrowns_Data/Mono/libFriends.so
Fallback handler could not load library /home/chad/.local/share/Steam/steamapps/common/Kingdom Two Crowns/KingdomTwoCrowns_Data/Mono/Friends
Fallback handler could not load library /home/chad/.local/share/Steam/steamapps/common/Kingdom Two Crowns/KingdomTwoCrowns_Data/Mono/libFriends
Fallback handler could not load library /home/chad/.local/share/Steam/steamapps/common/Kingdom Two Crowns/KingdomTwoCrowns_Data/Mono/libFriends.so
Fallback handler could not load library /home/chad/.local/share/Steam/steamapps/common/Kingdom Two Crowns/KingdomTwoCrowns_Data/Mono/libFriends
Fallback handler could not load library /home/chad/.local/share/Steam/steamapps/common/Kingdom Two Crowns/KingdomTwoCrowns_Data/Mono/libMultiplayer
Fallback handler could not load library /home/chad/.local/share/Steam/steamapps/common/Kingdom Two Crowns/KingdomTwoCrowns_Data/Mono/libMultiplayer.so
Fallback handler could not load library /home/chad/.local/share/Steam/steamapps/common/Kingdom Two Crowns/KingdomTwoCrowns_Data/Mono/Multiplayer
Fallback handler could not load library /home/chad/.local/share/Steam/steamapps/common/Kingdom Two Crowns/KingdomTwoCrowns_Data/Mono/libMultiplayer
Fallback handler could not load library /home/chad/.local/share/Steam/steamapps/common/Kingdom Two Crowns/KingdomTwoCrowns_Data/Mono/libMultiplayer.so
Fallback handler could not load library /home/chad/.local/share/Steam/steamapps/common/Kingdom Two Crowns/KingdomTwoCrowns_Data/Mono/libMultiplayer
Fallback handler could not load library /home/chad/.local/share/Steam/steamapps/common/Kingdom Two Crowns/KingdomTwoCrowns_Data/Mono/libSavedGames
Fallback handler could not load library /home/chad/.local/share/Steam/steamapps/common/Kingdom Two Crowns/KingdomTwoCrowns_Data/Mono/libSavedGames.so
Fallback handler could not load library /home/chad/.local/share/Steam/steamapps/common/Kingdom Two Crowns/KingdomTwoCrowns_Data/Mono/SavedGames
Fallback handler could not load library /home/chad/.local/share/Steam/steamapps/common/Kingdom Two Crowns/KingdomTwoCrowns_Data/Mono/libSavedGames
Fallback handler could not load library /home/chad/.local/share/Steam/steamapps/common/Kingdom Two Crowns/KingdomTwoCrowns_Data/Mono/libSavedGames.so
Fallback handler could not load library /home/chad/.local/share/Steam/steamapps/common/Kingdom Two Crowns/KingdomTwoCrowns_Data/Mono/libSavedGames
ProgramDirector begun Preload 
(Filename: ./Runtime/Export/Debug/Debug.bindings.h Line: 35)

Desktop is 1920 x 1080 @ 144 Hz
UNet Router setup 
(Filename: ./Runtime/Export/Debug/Debug.bindings.h Line: 35)

ProgramDirector begun LoadingLoaderScene 
(Filename: ./Runtime/Export/Debug/Debug.bindings.h Line: 35)

USING RENDER PIPELINE: screen manager not null 
(Filename: ./Runtime/Export/Debug/Debug.bindings.h Line: 35)

ProgramDirector begun Engagement 
(Filename: ./Runtime/Export/Debug/Debug.bindings.h Line: 35)

ProgramDirector begun InitialisingFiler 
(Filename: ./Runtime/Export/Debug/Debug.bindings.h Line: 35)

ProgramDirector begun ShowSaveWarningScreen 
(Filename: ./Runtime/Export/Debug/Debug.bindings.h Line: 35)

Steam: User Stats Received
 
(Filename: ./Runtime/Export/Debug/Debug.bindings.h Line: 35)

ProgramDirector begun PlayfabLogin 
(Filename: ./Runtime/Export/Debug/Debug.bindings.h Line: 35)

ProgramDirector begun LoadingGlobalSaveData 
(Filename: ./Runtime/Export/Debug/Debug.bindings.h Line: 35)

Found SystemLanguage English (10): 2 
(Filename: ./Runtime/Export/Debug/Debug.bindings.h Line: 35)

GlobalSaveData Load, Success 
(Filename: ./Runtime/Export/Debug/Debug.bindings.h Line: 35)

ProgramDirector begun LoadingIslandSaveData 
(Filename: ./Runtime/Export/Debug/Debug.bindings.h Line: 35)

Loading Biome Data: Biome/DeadlandsBiomeData 
(Filename: ./Runtime/Export/Debug/Debug.bindings.h Line: 35)

IslandSaveData Load, Success 
(Filename: ./Runtime/Export/Debug/Debug.bindings.h Line: 35)

ProgramDirector begun ShowingSplash 
(Filename: ./Runtime/Export/Debug/Debug.bindings.h Line: 35)

ProgramDirector begun LoadingMainScene 
(Filename: ./Runtime/Export/Debug/Debug.bindings.h Line: 35)

Managers.Inst.InitAll() 902 
(Filename: ./Runtime/Export/Debug/Debug.bindings.h Line: 35)

TOUCH . 0 DPI. Deadzone 10-30 pixels (capped 1.0). Res 1920x1080 
(Filename: ./Runtime/Export/Debug/Debug.bindings.h Line: 35)

Game created. Version: 1.1.16 Revision: 17147 Hash: e230f674a5 Branch: origin/twocrowns/norselands-patch-2 
(Filename: ./Runtime/Export/Debug/Debug.bindings.h Line: 35)

Setting render size to 1920x1080 (Camera 1) 
(Filename: ./Runtime/Export/Debug/Debug.bindings.h Line: 35)

Setting water size to 640x360 
(Filename: ./Runtime/Export/Debug/Debug.bindings.h Line: 35)

Setting render size to 1920x1080 (Camera 0) 
(Filename: ./Runtime/Export/Debug/Debug.bindings.h Line: 35)

Setting water size to 640x360 
(Filename: ./Runtime/Export/Debug/Debug.bindings.h Line: 35)

ProgramDirector begun BuildingLevel 
(Filename: ./Runtime/Export/Debug/Debug.bindings.h Line: 35)

Unloading 6 Unused Serialized files (Serialized files now loaded: 0)
[CAVE] Apply state: None 
(Filename: ./Runtime/Export/Debug/Debug.bindings.h Line: 35)

[CAVE] New cave state: None 
(Filename: ./Runtime/Export/Debug/Debug.bindings.h Line: 35)

pogpog 
(Filename: ./Runtime/Export/Debug/Debug.bindings.h Line: 35)

Checking become safe, isDaytime True isSafe: True isDangerous: True, enemManager: Enemies attacking: True retaliations: 0 
(Filename: ./Runtime/Export/Debug/Debug.bindings.h Line: 35)

[RP]Setting rich presence: InMenu 
(Filename: ./Runtime/Export/Debug/Debug.bindings.h Line: 35)

CampaignSaveData.ApplyToScene:
newIsland: False	sailingIn: False	newReignForIslandPostLoss: False 
(Filename: ./Runtime/Export/Debug/Debug.bindings.h Line: 35)

During loading, found that the WRECK should be active 
(Filename: ./Runtime/Export/Debug/Debug.bindings.h Line: 35)


Unloading 206 unused Assets to reduce memory usage. Loaded Objects now: 90758.
Total: 79.721095 ms (FindLiveObjects: 6.893036 ms CreateObjectMapping: 3.241141 ms MarkObjects: 69.360642 ms  DeleteObjects: 0.225390 ms)

Unloading 1 Unused Serialized files (Serialized files now loaded: 0)
[CAVE] New cave state: None 
(Filename: ./Runtime/Export/Debug/Debug.bindings.h Line: 35)


Unloading 0 unused Assets to reduce memory usage. Loaded Objects now: 90774.
Total: 81.255314 ms (FindLiveObjects: 5.832734 ms CreateObjectMapping: 3.737423 ms MarkObjects: 71.459921 ms  DeleteObjects: 0.224275 ms)

Couldn't find position for shop 'Scythe' within range +/-0->8.75 (increment = 0.26), adding to queue... 
(Filename: ./Runtime/Export/Debug/Debug.bindings.h Line: 35)

ProgramDirector begun RunningGame 
(Filename: ./Runtime/Export/Debug/Debug.bindings.h Line: 35)

SteamPlatformManager.CheckIfDlcIsAvailable. AppId_t:1708680, isAvailable:False. 
(Filename: ./Runtime/Export/Debug/Debug.bindings.h Line: 35)

DPI 0 (50) h: 21.6 
(Filename: ./Runtime/Export/Debug/Debug.bindings.h Line: 35)

[RP]Setting rich presence: InMenu 
(Filename: ./Runtime/Export/Debug/Debug.bindings.h Line: 35)

Menu._ShowMainPanel 1. targetDepth: 1 
(Filename: ./Runtime/Export/Debug/Debug.bindings.h Line: 35)

/Client/LoginWithSteam PlayFabError(AccountNotFound, User not found, 400 BadRequest) 
(Filename: ./Runtime/Export/Debug/Debug.bindings.h Line: 35)

/Client/LinkSteamAccount PlayFabError(InvalidSteamTicket, Steam API AuthenticateUserTicket error response: {"response":{"error":{"errorcode":101,"errordesc":"Invalid ticket"}}} for authentication ticket 14000000fc418510e4bce47cf7cd041a01001001bfb52c631800000001000000020000009ef46447367a8e5879c7010002000000b20000003200000004000000f7cd041a01001001e8b20a0041c87658ce01a8c00000000068b52c63e864486301003915030000000000d8ee65ef4ff9d16b567d05f868bbb77cd2dd6ace69b8c4baabf7b66ee139d0af2dc5909b1837b10ada59e13ed5d02ee6720cbec6185dcc90498a3d11769188ef0414015430fc67cb23810ec29373f4f92ad037274e82526a75b737f308a4d61c331699b593516fa2c8c363a56d5c0d48994a281baeebafee98f170ef3ce71b6d, 400 BadRequest) 
(Filename: ./Runtime/Export/Debug/Debug.bindings.h Line: 35)

<color=red>(Playfab)</color> /Client/RegisterPlayFabUser: The display name entered is not available. 
(Filename: ./Runtime/Export/Debug/Debug.bindings.h Line: 35)

<color=red>(Playfab)</color> /Client/LoginWithPlayFab: Invalid input parameters
Username: Username must be between 3 and 20 characters. 
(Filename: ./Runtime/Export/Debug/Debug.bindings.h Line: 35)

<color=blue>(Playfab)</color> Login success 
(Filename: ./Runtime/Export/Debug/Debug.bindings.h Line: 35)

<color=red>(Playfab)</color> /Client/LoginWithPlayFab: Invalid input parameters
Username: Username must be between 3 and 20 characters. 
(Filename: ./Runtime/Export/Debug/Debug.bindings.h Line: 35)

<color=blue>(Playfab)</color> Login success 
(Filename: ./Runtime/Export/Debug/Debug.bindings.h Line: 35)

SAVE TIME STAMP KEY WAS NOT FOUND UPLOAD NEEDED 
(Filename: ./Runtime/Export/Debug/Debug.bindings.h Line: 35)

<color=blue>(Playfab)</color> Found 0 cloud save files 
(Filename: ./Runtime/Export/Debug/Debug.bindings.h Line: 35)

<color=blue>(Playfab)</color> Cloud save resolver result: UploadNeeded 
(Filename: ./Runtime/Export/Debug/Debug.bindings.h Line: 35)

<color=red>(Playfab)</color> Failed aborting file upload: /File/AbortFileUploads PlayFabError(FileNotFound, The file global-v35 was not found on the profile., 400 BadRequest) 
(Filename: ./Runtime/Export/Debug/Debug.bindings.h Line: 35)

<color=red>(Playfab)</color> /File/AbortFileUploads: The file global-v35 was not found on the profile. 
(Filename: ./Runtime/Export/Debug/Debug.bindings.h Line: 35)

<color=blue>(Playfab)</color> Upload of file global-v35 was successful 
(Filename: ./Runtime/Export/Debug/Debug.bindings.h Line: 35)

<color=blue>(Playfab)</color> Upload of file island-v35-c0-l1 was successful 
(Filename: ./Runtime/Export/Debug/Debug.bindings.h Line: 35)

<color=blue>(Playfab)</color> Upload of file island-v35-c0-l2 was successful 
(Filename: ./Runtime/Export/Debug/Debug.bindings.h Line: 35)

<color=blue>(Playfab)</color> Upload of file island-v35-c0-l0 was successful 
(Filename: ./Runtime/Export/Debug/Debug.bindings.h Line: 35)

<color=blue>(Playfab)</color> Upload of file island-v35-c0-l3 was successful 
(Filename: ./Runtime/Export/Debug/Debug.bindings.h Line: 35)

<color=blue>(Playfab)</color> Upload of file island-v35-c0-l4 was successful 
(Filename: ./Runtime/Export/Debug/Debug.bindings.h Line: 35)

<color=blue>(Playfab)</color> Upload SaveData result: UploadSuccess 
(Filename: ./Runtime/Export/Debug/Debug.bindings.h Line: 35)

Menu._ShowMainPanel 2. targetDepth: 1 
(Filename: ./Runtime/Export/Debug/Debug.bindings.h Line: 35)

Menu._ShowMainPanel 3. targetDepth: 1 
(Filename: ./Runtime/Export/Debug/Debug.bindings.h Line: 35)

Menu._ShowMainPanel 3. targetDepth: 0 
(Filename: ./Runtime/Export/Debug/Debug.bindings.h Line: 35)

[RP]Setting rich presence: LandFive 
(Filename: ./Runtime/Export/Debug/Debug.bindings.h Line: 35)

SteamPlatformManager.CheckIfDlcIsAvailable. AppId_t:1708680, isAvailable:False. 
(Filename: ./Runtime/Export/Debug/Debug.bindings.h Line: 35)

DPI 0 (50) h: 21.6 
(Filename: ./Runtime/Export/Debug/Debug.bindings.h Line: 35)

Menu._ShowMainPanel 1. targetDepth: 1 
(Filename: ./Runtime/Export/Debug/Debug.bindings.h Line: 35)

Menu._ShowMainPanel 2. targetDepth: 1 
(Filename: ./Runtime/Export/Debug/Debug.bindings.h Line: 35)

Menu._ShowMainPanel 3. targetDepth: 1 
(Filename: ./Runtime/Export/Debug/Debug.bindings.h Line: 35)

SteamPlatformManager.CheckIfDlcIsAvailable. AppId_t:1708680, isAvailable:False. 
(Filename: ./Runtime/Export/Debug/Debug.bindings.h Line: 35)

[RP]Setting rich presence: InMenu 
(Filename: ./Runtime/Export/Debug/Debug.bindings.h Line: 35)

GlobalSaveData Save, Success 
(Filename: ./Runtime/Export/Debug/Debug.bindings.h Line: 35)

Menu._ShowMainPanel 3. targetDepth: 0 
(Filename: ./Runtime/Export/Debug/Debug.bindings.h Line: 35)

<color=red>(Playfab)</color> Failed aborting file upload: /File/AbortFileUploads PlayFabError(NoEntityFileOperationPending, The file global-v35 does not have an operation pending to finalize., 400 BadRequest) 
(Filename: ./Runtime/Export/Debug/Debug.bindings.h Line: 35)

<color=red>(Playfab)</color> /File/AbortFileUploads: The file global-v35 does not have an operation pending to finalize. 
(Filename: ./Runtime/Export/Debug/Debug.bindings.h Line: 35)

<color=blue>(Playfab)</color> Upload of file global-v35 was successful 
(Filename: ./Runtime/Export/Debug/Debug.bindings.h Line: 35)

<color=blue>(Playfab)</color> Upload SaveData result: UploadSuccess 
(Filename: ./Runtime/Export/Debug/Debug.bindings.h Line: 35)

[RP]Setting rich presence: LandFive 
(Filename: ./Runtime/Export/Debug/Debug.bindings.h Line: 35)

SteamPlatformManager.CheckIfDlcIsAvailable. AppId_t:1708680, isAvailable:False. 
(Filename: ./Runtime/Export/Debug/Debug.bindings.h Line: 35)

DPI 0 (50) h: 21.6 
(Filename: ./Runtime/Export/Debug/Debug.bindings.h Line: 35)

[RP]Setting rich presence: InMenu 
(Filename: ./Runtime/Export/Debug/Debug.bindings.h Line: 35)

Menu._ShowMainPanel 1. targetDepth: 1 
(Filename: ./Runtime/Export/Debug/Debug.bindings.h Line: 35)

Menu._ShowMainPanel 2. targetDepth: 1 
(Filename: ./Runtime/Export/Debug/Debug.bindings.h Line: 35)

Menu._ShowMainPanel 3. targetDepth: 1 
(Filename: ./Runtime/Export/Debug/Debug.bindings.h Line: 35)

pogpog 
(Filename: ./Runtime/Export/Debug/Debug.bindings.h Line: 35)

[CAVE] Saving state: None 
(Filename: ./Runtime/Export/Debug/Debug.bindings.h Line: 35)

IslandSaveData Save, Success 
(Filename: ./Runtime/Export/Debug/Debug.bindings.h Line: 35)

GlobalSaveData Save, Success 
(Filename: ./Runtime/Export/Debug/Debug.bindings.h Line: 35)

GlobalSaveData Save, Success 
(Filename: ./Runtime/Export/Debug/Debug.bindings.h Line: 35)

Menu._ShowMainPanel 3. targetDepth: 0 
(Filename: ./Runtime/Export/Debug/Debug.bindings.h Line: 35)

<color=red>(Playfab)</color> Failed aborting file upload: /File/AbortFileUploads PlayFabError(NoEntityFileOperationPending, The file island-v35-c0-l4 does not have an operation pending to finalize., 400 BadRequest) 
(Filename: ./Runtime/Export/Debug/Debug.bindings.h Line: 35)

<color=red>(Playfab)</color> /File/AbortFileUploads: The file island-v35-c0-l4 does not have an operation pending to finalize. 
(Filename: ./Runtime/Export/Debug/Debug.bindings.h Line: 35)

GlobalSaveData Save, Success 
(Filename: ./Runtime/Export/Debug/Debug.bindings.h Line: 35)

LoadBiome called which means the Biome wasnt loaded when accessed, the biome data should be loaded before hand using LoadBiomeAsync! 
(Filename: ./Runtime/Export/Debug/Debug.bindings.h Line: 35)

Loading Biome Data: Biome/OakAndBirch 
(Filename: ./Runtime/Export/Debug/Debug.bindings.h Line: 35)

ProgramDirector begun LoadingIslandSaveData 
(Filename: ./Runtime/Export/Debug/Debug.bindings.h Line: 35)

IslandSaveData Load, Failure, MissingData 
(Filename: ./Runtime/Export/Debug/Debug.bindings.h Line: 35)

ProgramDirector begun ShowingSplash 
(Filename: ./Runtime/Export/Debug/Debug.bindings.h Line: 35)

<color=blue>(Playfab)</color> Upload of file global-v35 was successful 
(Filename: ./Runtime/Export/Debug/Debug.bindings.h Line: 35)

<color=blue>(Playfab)</color> Upload of file island-v35-c0-l4 was successful 
(Filename: ./Runtime/Export/Debug/Debug.bindings.h Line: 35)

<color=blue>(Playfab)</color> Upload SaveData result: UploadSuccess 
(Filename: ./Runtime/Export/Debug/Debug.bindings.h Line: 35)

<color=red>(Playfab)</color> Failed aborting file upload: /File/AbortFileUploads PlayFabError(NoEntityFileOperationPending, The file global-v35 does not have an operation pending to finalize., 400 BadRequest) 
(Filename: ./Runtime/Export/Debug/Debug.bindings.h Line: 35)

<color=red>(Playfab)</color> /File/AbortFileUploads: The file global-v35 does not have an operation pending to finalize. 
(Filename: ./Runtime/Export/Debug/Debug.bindings.h Line: 35)

<color=blue>(Playfab)</color> Upload of file global-v35 was successful 
(Filename: ./Runtime/Export/Debug/Debug.bindings.h Line: 35)

<color=blue>(Playfab)</color> Upload SaveData result: UploadSuccess 
(Filename: ./Runtime/Export/Debug/Debug.bindings.h Line: 35)

BIOME SELECT 
(Filename: ./Runtime/Export/Debug/Debug.bindings.h Line: 35)

SteamPlatformManager.CheckIfDlcIsAvailable. AppId_t:1708680, isAvailable:False. 
(Filename: ./Runtime/Export/Debug/Debug.bindings.h Line: 35)

LoadBiome called which means the Biome wasnt loaded when accessed, the biome data should be loaded before hand using LoadBiomeAsync! 
(Filename: ./Runtime/Export/Debug/Debug.bindings.h Line: 35)

Loading Biome Data: Biome/Bamboo 
(Filename: ./Runtime/Export/Debug/Debug.bindings.h Line: 35)

ProgramDirector begun LoadingMainScene 
(Filename: ./Runtime/Export/Debug/Debug.bindings.h Line: 35)

Managers.Inst.InitAll() 18187 
(Filename: ./Runtime/Export/Debug/Debug.bindings.h Line: 35)

TOUCH . 0 DPI. Deadzone 10-30 pixels (capped 1.0). Res 1920x1080 
(Filename: ./Runtime/Export/Debug/Debug.bindings.h Line: 35)

Game created. Version: 1.1.16 Revision: 17147 Hash: e230f674a5 Branch: origin/twocrowns/norselands-patch-2 
(Filename: ./Runtime/Export/Debug/Debug.bindings.h Line: 35)

Setting render size to 1920x1080 (Camera 1) 
(Filename: ./Runtime/Export/Debug/Debug.bindings.h Line: 35)

Setting water size to 640x360 
(Filename: ./Runtime/Export/Debug/Debug.bindings.h Line: 35)

Setting render size to 1920x1080 (Camera 0) 
(Filename: ./Runtime/Export/Debug/Debug.bindings.h Line: 35)

Setting water size to 640x360 
(Filename: ./Runtime/Export/Debug/Debug.bindings.h Line: 35)

ProgramDirector begun BuildingLevel 
(Filename: ./Runtime/Export/Debug/Debug.bindings.h Line: 35)

Unloading 5 Unused Serialized files (Serialized files now loaded: 0)
F 18187 Loading scene blocks 
(Filename: ./Runtime/Export/Debug/Debug.bindings.h Line: 35)


Unloading 7984 unused Assets to reduce memory usage. Loaded Objects now: 54584.
Total: 75.974675 ms (FindLiveObjects: 4.567593 ms CreateObjectMapping: 5.107346 ms MarkObjects: 46.932495 ms  DeleteObjects: 19.366708 ms)

F 18274 Load Complete 
(Filename: ./Runtime/Export/Debug/Debug.bindings.h Line: 35)

No random seed specified, generating random... 
(Filename: ./Runtime/Export/Debug/Debug.bindings.h Line: 35)

LevelLayout: 18 REQUIRED blocks placed. Filled 362 / 450 
(Filename: ./Runtime/Export/Debug/Debug.bindings.h Line: 35)

LevelLayout: Generated Level (TOTAL WIDTH 450): 
120 -- CaveEndLeft_Blocks
110 -- CaveSection_Blocks
100 -- CliffLeft_Blocks
95 -- Forest_Blocks
86 -- Forest_Blocks
71 -- Chest_Blocks
64 -- Forest_Blocks
51 -- Forest_Blocks
45 -- Forest_Blocks
45 -- Clearing Small_Blocks
32 -- Chest_Blocks
23 -- BeggarCamp_Blocks
18 -- Boat_Blocks
14 -- Bridge Short_Blocks
14 -- Steed Griffin_Blocks
10 -- Forest_Blocks
01 -- PlayerSpawnTitle_Blocks
00 -- StartingAreaMovedCutTreeTutorial_Blocks
18 -- Forest_Blocks
26 -- Statue Archer_Blocks
41 -- Forest_Blocks
45 -- Clearing Small_Blocks
58 -- BeggarCamp_Blocks
60 -- Forest_Blocks
73 -- HermitHouseBallista_Blocks
78 -- Forest_Blocks
79 -- Chest_Blocks
83 -- Forest_Blocks
100 -- BeachRight_Blocks 
(Filename: ./Runtime/Export/Debug/Debug.bindings.h Line: 35)

level generated with randoms: Seed: -2040375160 Rand count 104 
(Filename: ./Runtime/Export/Debug/Debug.bindings.h Line: 35)

Generating with seed -2040375160 
(Filename: ./Runtime/Export/Debug/Debug.bindings.h Line: 35)

Unloading 5 Unused Serialized files (Serialized files now loaded: 0)
Checking become safe, isDaytime False isSafe: False isDangerous: True, enemManager: Enemies attacking: True retaliations: 0 
(Filename: ./Runtime/Export/Debug/Debug.bindings.h Line: 35)

[RP]Setting rich presence: InMenu 
(Filename: ./Runtime/Export/Debug/Debug.bindings.h Line: 35)

CampaignSaveData.ApplyToScene:
newIsland: True	sailingIn: False	newReignForIslandPostLoss: False 
(Filename: ./Runtime/Export/Debug/Debug.bindings.h Line: 35)

During loading, found that the WRECK should be active 
(Filename: ./Runtime/Export/Debug/Debug.bindings.h Line: 35)

Adding wave for day: 1 
(Filename: ./Runtime/Export/Debug/Debug.bindings.h Line: 35)

Adding wave for day: 2 
(Filename: ./Runtime/Export/Debug/Debug.bindings.h Line: 35)

Adding wave for day: 3 
(Filename: ./Runtime/Export/Debug/Debug.bindings.h Line: 35)

Adding wave for day: 4 
(Filename: ./Runtime/Export/Debug/Debug.bindings.h Line: 35)

Adding wave for day: 5 
(Filename: ./Runtime/Export/Debug/Debug.bindings.h Line: 35)

Adding wave for day: 6 
(Filename: ./Runtime/Export/Debug/Debug.bindings.h Line: 35)

Adding wave for day: 7 
(Filename: ./Runtime/Export/Debug/Debug.bindings.h Line: 35)

Adding wave for day: 8 
(Filename: ./Runtime/Export/Debug/Debug.bindings.h Line: 35)

Adding wave for day: 9 
(Filename: ./Runtime/Export/Debug/Debug.bindings.h Line: 35)

Adding wave for day: 10 
(Filename: ./Runtime/Export/Debug/Debug.bindings.h Line: 35)

Wave (Left) on day 1  spawn day 1 aiming at 01:00 takes 11.52031 hours; will spawn at 13:28. Day type: firstDay 
(Filename: ./Runtime/Export/Debug/Debug.bindings.h Line: 35)


Unloading 1681 unused Assets to reduce memory usage. Loaded Objects now: 94891.
Total: 99.092909 ms (FindLiveObjects: 6.438214 ms CreateObjectMapping: 4.089939 ms MarkObjects: 74.573876 ms  DeleteObjects: 13.990435 ms)

Wave (Right) on day 1  spawn day 1 aiming at 01:00 takes 8.078125 hours; will spawn at 16:55. Day type: firstDay 
(Filename: ./Runtime/Export/Debug/Debug.bindings.h Line: 35)

Playing track NoMusic at time 4 
(Filename: ./Runtime/Export/Debug/Debug.bindings.h Line: 35)

No clips to play in audio emitter: NoMusic(Clone) 
(Filename: ./Runtime/Export/Debug/Debug.bindings.h Line: 35)

ProgramDirector begun RunningGame 
(Filename: ./Runtime/Export/Debug/Debug.bindings.h Line: 35)

Playing track Duet at time 4 
(Filename: ./Runtime/Export/Debug/Debug.bindings.h Line: 35)

Setup run for InfoIntroduction(Clone) (InfoText) 
(Filename: ./Runtime/Export/Debug/Debug.bindings.h Line: 35)

Setup run for Hint Skip Intro(Clone) (InfoText) 
(Filename: ./Runtime/Export/Debug/Debug.bindings.h Line: 35)

Setup run for MoveInfoText(Clone) (InfoText) 
(Filename: ./Runtime/Export/Debug/Debug.bindings.h Line: 35)

Checking become safe, isDaytime False isSafe: False isDangerous: False, enemManager: Enemies attacking: False retaliations: 0 
(Filename: ./Runtime/Export/Debug/Debug.bindings.h Line: 35)

Checking become safe, isDaytime False isSafe: False isDangerous: False, enemManager: Enemies attacking: False retaliations: 0 
(Filename: ./Runtime/Export/Debug/Debug.bindings.h Line: 35)

Checking become safe, isDaytime False isSafe: False isDangerous: False, enemManager: Enemies attacking: False retaliations: 0 
(Filename: ./Runtime/Export/Debug/Debug.bindings.h Line: 35)

Checking become safe, isDaytime False isSafe: False isDangerous: False, enemManager: Enemies attacking: False retaliations: 0 
(Filename: ./Runtime/Export/Debug/Debug.bindings.h Line: 35)

Checking become safe, isDaytime False isSafe: False isDangerous: False, enemManager: Enemies attacking: False retaliations: 0 
(Filename: ./Runtime/Export/Debug/Debug.bindings.h Line: 35)

Checking become safe, isDaytime False isSafe: False isDangerous: False, enemManager: Enemies attacking: False retaliations: 0 
(Filename: ./Runtime/Export/Debug/Debug.bindings.h Line: 35)

Checking become safe, isDaytime False isSafe: False isDangerous: False, enemManager: Enemies attacking: False retaliations: 0 
(Filename: ./Runtime/Export/Debug/Debug.bindings.h Line: 35)

Checking become safe, isDaytime False isSafe: False isDangerous: False, enemManager: Enemies attacking: False retaliations: 0 
(Filename: ./Runtime/Export/Debug/Debug.bindings.h Line: 35)

Checking become safe, isDaytime False isSafe: False isDangerous: False, enemManager: Enemies attacking: False retaliations: 0 
(Filename: ./Runtime/Export/Debug/Debug.bindings.h Line: 35)

Checking become safe, isDaytime False isSafe: False isDangerous: False, enemManager: Enemies attacking: False retaliations: 0 
(Filename: ./Runtime/Export/Debug/Debug.bindings.h Line: 35)

Checking become safe, isDaytime False isSafe: False isDangerous: False, enemManager: Enemies attacking: False retaliations: 0 
(Filename: ./Runtime/Export/Debug/Debug.bindings.h Line: 35)

Checking become safe, isDaytime False isSafe: False isDangerous: False, enemManager: Enemies attacking: False retaliations: 0 
(Filename: ./Runtime/Export/Debug/Debug.bindings.h Line: 35)

Checking become safe, isDaytime False isSafe: False isDangerous: False, enemManager: Enemies attacking: False retaliations: 0 
(Filename: ./Runtime/Export/Debug/Debug.bindings.h Line: 35)

Checking become safe, isDaytime False isSafe: False isDangerous: False, enemManager: Enemies attacking: False retaliations: 0 
(Filename: ./Runtime/Export/Debug/Debug.bindings.h Line: 35)

Checking become safe, isDaytime False isSafe: False isDangerous: False, enemManager: Enemies attacking: False retaliations: 0 
(Filename: ./Runtime/Export/Debug/Debug.bindings.h Line: 35)

Checking become safe, isDaytime False isSafe: False isDangerous: False, enemManager: Enemies attacking: False retaliations: 0 
(Filename: ./Runtime/Export/Debug/Debug.bindings.h Line: 35)

Checking become safe, isDaytime False isSafe: False isDangerous: False, enemManager: Enemies attacking: False retaliations: 0 
(Filename: ./Runtime/Export/Debug/Debug.bindings.h Line: 35)

Checking become safe, isDaytime False isSafe: False isDangerous: False, enemManager: Enemies attacking: False retaliations: 0 
(Filename: ./Runtime/Export/Debug/Debug.bindings.h Line: 35)

Checking become safe, isDaytime False isSafe: False isDangerous: False, enemManager: Enemies attacking: False retaliations: 0 
(Filename: ./Runtime/Export/Debug/Debug.bindings.h Line: 35)

Checking become safe, isDaytime False isSafe: False isDangerous: False, enemManager: Enemies attacking: False retaliations: 0 
(Filename: ./Runtime/Export/Debug/Debug.bindings.h Line: 35)

Checking become safe, isDaytime False isSafe: False isDangerous: False, enemManager: Enemies attacking: False retaliations: 0 
(Filename: ./Runtime/Export/Debug/Debug.bindings.h Line: 35)

Checking become safe, isDaytime False isSafe: False isDangerous: False, enemManager: Enemies attacking: False retaliations: 0 
(Filename: ./Runtime/Export/Debug/Debug.bindings.h Line: 35)

Checking become safe, isDaytime False isSafe: False isDangerous: False, enemManager: Enemies attacking: False retaliations: 0 
(Filename: ./Runtime/Export/Debug/Debug.bindings.h Line: 35)

Checking become safe, isDaytime False isSafe: False isDangerous: False, enemManager: Enemies attacking: False retaliations: 0 
(Filename: ./Runtime/Export/Debug/Debug.bindings.h Line: 35)

Checking become safe, isDaytime False isSafe: False isDangerous: False, enemManager: Enemies attacking: False retaliations: 0 
(Filename: ./Runtime/Export/Debug/Debug.bindings.h Line: 35)

Checking become safe, isDaytime False isSafe: False isDangerous: False, enemManager: Enemies attacking: False retaliations: 0 
(Filename: ./Runtime/Export/Debug/Debug.bindings.h Line: 35)

Checking become safe, isDaytime False isSafe: False isDangerous: False, enemManager: Enemies attacking: False retaliations: 0 
(Filename: ./Runtime/Export/Debug/Debug.bindings.h Line: 35)

Checking become safe, isDaytime False isSafe: False isDangerous: False, enemManager: Enemies attacking: False retaliations: 0 
(Filename: ./Runtime/Export/Debug/Debug.bindings.h Line: 35)

Checking become safe, isDaytime False isSafe: False isDangerous: False, enemManager: Enemies attacking: False retaliations: 0 
(Filename: ./Runtime/Export/Debug/Debug.bindings.h Line: 35)

Checking become safe, isDaytime False isSafe: False isDangerous: False, enemManager: Enemies attacking: False retaliations: 0 
(Filename: ./Runtime/Export/Debug/Debug.bindings.h Line: 35)

Checking become safe, isDaytime False isSafe: False isDangerous: False, enemManager: Enemies attacking: False retaliations: 0 
(Filename: ./Runtime/Export/Debug/Debug.bindings.h Line: 35)

Checking become safe, isDaytime False isSafe: False isDangerous: False, enemManager: Enemies attacking: False retaliations: 0 
(Filename: ./Runtime/Export/Debug/Debug.bindings.h Line: 35)

Checking become safe, isDaytime False isSafe: False isDangerous: False, enemManager: Enemies attacking: False retaliations: 0 
(Filename: ./Runtime/Export/Debug/Debug.bindings.h Line: 35)

Checking become safe, isDaytime False isSafe: False isDangerous: False, enemManager: Enemies attacking: False retaliations: 0 
(Filename: ./Runtime/Export/Debug/Debug.bindings.h Line: 35)

Checking become safe, isDaytime False isSafe: False isDangerous: False, enemManager: Enemies attacking: False retaliations: 0 
(Filename: ./Runtime/Export/Debug/Debug.bindings.h Line: 35)

Checking become safe, isDaytime False isSafe: False isDangerous: False, enemManager: Enemies attacking: False retaliations: 0 
(Filename: ./Runtime/Export/Debug/Debug.bindings.h Line: 35)

Checking become safe, isDaytime False isSafe: False isDangerous: False, enemManager: Enemies attacking: False retaliations: 0 
(Filename: ./Runtime/Export/Debug/Debug.bindings.h Line: 35)

Checking become safe, isDaytime False isSafe: False isDangerous: False, enemManager: Enemies attacking: False retaliations: 0 
(Filename: ./Runtime/Export/Debug/Debug.bindings.h Line: 35)

Checking become safe, isDaytime False isSafe: False isDangerous: False, enemManager: Enemies attacking: False retaliations: 0 
(Filename: ./Runtime/Export/Debug/Debug.bindings.h Line: 35)

Checking become safe, isDaytime False isSafe: False isDangerous: False, enemManager: Enemies attacking: False retaliations: 0 
(Filename: ./Runtime/Export/Debug/Debug.bindings.h Line: 35)

Checking become safe, isDaytime False isSafe: False isDangerous: False, enemManager: Enemies attacking: False retaliations: 0 
(Filename: ./Runtime/Export/Debug/Debug.bindings.h Line: 35)

Checking become safe, isDaytime False isSafe: False isDangerous: False, enemManager: Enemies attacking: False retaliations: 0 
(Filename: ./Runtime/Export/Debug/Debug.bindings.h Line: 35)

Checking become safe, isDaytime False isSafe: False isDangerous: False, enemManager: Enemies attacking: False retaliations: 0 
(Filename: ./Runtime/Export/Debug/Debug.bindings.h Line: 35)

Checking become safe, isDaytime False isSafe: False isDangerous: False, enemManager: Enemies attacking: False retaliations: 0 
(Filename: ./Runtime/Export/Debug/Debug.bindings.h Line: 35)

Checking become safe, isDaytime False isSafe: False isDangerous: False, enemManager: Enemies attacking: False retaliations: 0 
(Filename: ./Runtime/Export/Debug/Debug.bindings.h Line: 35)

Checking become safe, isDaytime False isSafe: False isDangerous: False, enemManager: Enemies attacking: False retaliations: 0 
(Filename: ./Runtime/Export/Debug/Debug.bindings.h Line: 35)

Checking become safe, isDaytime False isSafe: False isDangerous: False, enemManager: Enemies attacking: False retaliations: 0 
(Filename: ./Runtime/Export/Debug/Debug.bindings.h Line: 35)

Checking become safe, isDaytime False isSafe: False isDangerous: False, enemManager: Enemies attacking: False retaliations: 0 
(Filename: ./Runtime/Export/Debug/Debug.bindings.h Line: 35)

Checking become safe, isDaytime False isSafe: False isDangerous: False, enemManager: Enemies attacking: False retaliations: 0 
(Filename: ./Runtime/Export/Debug/Debug.bindings.h Line: 35)

Checking become safe, isDaytime False isSafe: False isDangerous: False, enemManager: Enemies attacking: False retaliations: 0 
(Filename: ./Runtime/Export/Debug/Debug.bindings.h Line: 35)

Checking become safe, isDaytime False isSafe: False isDangerous: False, enemManager: Enemies attacking: False retaliations: 0 
(Filename: ./Runtime/Export/Debug/Debug.bindings.h Line: 35)

Checking become safe, isDaytime False isSafe: False isDangerous: False, enemManager: Enemies attacking: False retaliations: 0 
(Filename: ./Runtime/Export/Debug/Debug.bindings.h Line: 35)

Checking become safe, isDaytime False isSafe: False isDangerous: False, enemManager: Enemies attacking: False retaliations: 0 
(Filename: ./Runtime/Export/Debug/Debug.bindings.h Line: 35)

Checking become safe, isDaytime False isSafe: False isDangerous: False, enemManager: Enemies attacking: False retaliations: 0 
(Filename: ./Runtime/Export/Debug/Debug.bindings.h Line: 35)

Checking become safe, isDaytime False isSafe: False isDangerous: False, enemManager: Enemies attacking: False retaliations: 0 
(Filename: ./Runtime/Export/Debug/Debug.bindings.h Line: 35)

Checking become safe, isDaytime False isSafe: False isDangerous: False, enemManager: Enemies attacking: False retaliations: 0 
(Filename: ./Runtime/Export/Debug/Debug.bindings.h Line: 35)

Checking become safe, isDaytime False isSafe: False isDangerous: False, enemManager: Enemies attacking: False retaliations: 0 
(Filename: ./Runtime/Export/Debug/Debug.bindings.h Line: 35)

Checking become safe, isDaytime False isSafe: False isDangerous: False, enemManager: Enemies attacking: False retaliations: 0 
(Filename: ./Runtime/Export/Debug/Debug.bindings.h Line: 35)

Checking become safe, isDaytime False isSafe: False isDangerous: False, enemManager: Enemies attacking: False retaliations: 0 
(Filename: ./Runtime/Export/Debug/Debug.bindings.h Line: 35)

Checking become safe, isDaytime False isSafe: False isDangerous: False, enemManager: Enemies attacking: False retaliations: 0 
(Filename: ./Runtime/Export/Debug/Debug.bindings.h Line: 35)

Checking become safe, isDaytime False isSafe: False isDangerous: False, enemManager: Enemies attacking: False retaliations: 0 
(Filename: ./Runtime/Export/Debug/Debug.bindings.h Line: 35)

Checking become safe, isDaytime False isSafe: False isDangerous: False, enemManager: Enemies attacking: False retaliations: 0 
(Filename: ./Runtime/Export/Debug/Debug.bindings.h Line: 35)

Checking become safe, isDaytime False isSafe: False isDangerous: False, enemManager: Enemies attacking: False retaliations: 0 
(Filename: ./Runtime/Export/Debug/Debug.bindings.h Line: 35)

Checking become safe, isDaytime False isSafe: False isDangerous: False, enemManager: Enemies attacking: False retaliations: 0 
(Filename: ./Runtime/Export/Debug/Debug.bindings.h Line: 35)

Checking become safe, isDaytime False isSafe: False isDangerous: False, enemManager: Enemies attacking: False retaliations: 0 
(Filename: ./Runtime/Export/Debug/Debug.bindings.h Line: 35)

Checking become safe, isDaytime False isSafe: False isDangerous: False, enemManager: Enemies attacking: False retaliations: 0 
(Filename: ./Runtime/Export/Debug/Debug.bindings.h Line: 35)

Checking become safe, isDaytime False isSafe: False isDangerous: False, enemManager: Enemies attacking: False retaliations: 0 
(Filename: ./Runtime/Export/Debug/Debug.bindings.h Line: 35)

Checking become safe, isDaytime False isSafe: False isDangerous: False, enemManager: Enemies attacking: False retaliations: 0 
(Filename: ./Runtime/Export/Debug/Debug.bindings.h Line: 35)

Checking become safe, isDaytime False isSafe: False isDangerous: False, enemManager: Enemies attacking: False retaliations: 0 
(Filename: ./Runtime/Export/Debug/Debug.bindings.h Line: 35)

Checking become safe, isDaytime False isSafe: False isDangerous: False, enemManager: Enemies attacking: False retaliations: 0 
(Filename: ./Runtime/Export/Debug/Debug.bindings.h Line: 35)

Checking become safe, isDaytime False isSafe: False isDangerous: False, enemManager: Enemies attacking: False retaliations: 0 
(Filename: ./Runtime/Export/Debug/Debug.bindings.h Line: 35)

Checking become safe, isDaytime False isSafe: False isDangerous: False, enemManager: Enemies attacking: False retaliations: 0 
(Filename: ./Runtime/Export/Debug/Debug.bindings.h Line: 35)

Checking become safe, isDaytime False isSafe: False isDangerous: False, enemManager: Enemies attacking: False retaliations: 0 
(Filename: ./Runtime/Export/Debug/Debug.bindings.h Line: 35)

Checking become safe, isDaytime False isSafe: False isDangerous: False, enemManager: Enemies attacking: False retaliations: 0 
(Filename: ./Runtime/Export/Debug/Debug.bindings.h Line: 35)

The AnimationClip 'griffin_spawn_crash_dust' used by the Animation component 'CrashSprite' must be marked as Legacy. 
(Filename:  Line: 2030)

Default clip could not be found in attached animations list. 
(Filename:  Line: 403)

Checking become safe, isDaytime False isSafe: False isDangerous: False, enemManager: Enemies attacking: False retaliations: 0 
(Filename: ./Runtime/Export/Debug/Debug.bindings.h Line: 35)

Checking become safe, isDaytime False isSafe: False isDangerous: False, enemManager: Enemies attacking: False retaliations: 0 
(Filename: ./Runtime/Export/Debug/Debug.bindings.h Line: 35)

Checking become safe, isDaytime False isSafe: False isDangerous: False, enemManager: Enemies attacking: False retaliations: 0 
(Filename: ./Runtime/Export/Debug/Debug.bindings.h Line: 35)

Checking become safe, isDaytime False isSafe: False isDangerous: False, enemManager: Enemies attacking: False retaliations: 0 
(Filename: ./Runtime/Export/Debug/Debug.bindings.h Line: 35)

Checking become safe, isDaytime False isSafe: False isDangerous: False, enemManager: Enemies attacking: False retaliations: 0 
(Filename: ./Runtime/Export/Debug/Debug.bindings.h Line: 35)

Checking become safe, isDaytime False isSafe: False isDangerous: False, enemManager: Enemies attacking: False retaliations: 0 
(Filename: ./Runtime/Export/Debug/Debug.bindings.h Line: 35)

Checking become safe, isDaytime False isSafe: False isDangerous: False, enemManager: Enemies attacking: False retaliations: 0 
(Filename: ./Runtime/Export/Debug/Debug.bindings.h Line: 35)

Checking become safe, isDaytime False isSafe: False isDangerous: False, enemManager: Enemies attacking: False retaliations: 0 
(Filename: ./Runtime/Export/Debug/Debug.bindings.h Line: 35)

Checking become safe, isDaytime False isSafe: False isDangerous: False, enemManager: Enemies attacking: False retaliations: 0 
(Filename: ./Runtime/Export/Debug/Debug.bindings.h Line: 35)

Checking become safe, isDaytime False isSafe: False isDangerous: False, enemManager: Enemies attacking: False retaliations: 0 
(Filename: ./Runtime/Export/Debug/Debug.bindings.h Line: 35)

Checking become safe, isDaytime False isSafe: False isDangerous: False, enemManager: Enemies attacking: False retaliations: 0 
(Filename: ./Runtime/Export/Debug/Debug.bindings.h Line: 35)

Checking become safe, isDaytime False isSafe: False isDangerous: False, enemManager: Enemies attacking: False retaliations: 0 
(Filename: ./Runtime/Export/Debug/Debug.bindings.h Line: 35)

Checking become safe, isDaytime False isSafe: False isDangerous: False, enemManager: Enemies attacking: False retaliations: 0 
(Filename: ./Runtime/Export/Debug/Debug.bindings.h Line: 35)

Checking become safe, isDaytime False isSafe: False isDangerous: False, enemManager: Enemies attacking: False retaliations: 0 
(Filename: ./Runtime/Export/Debug/Debug.bindings.h Line: 35)

Checking become safe, isDaytime False isSafe: False isDangerous: False, enemManager: Enemies attacking: False retaliations: 0 
(Filename: ./Runtime/Export/Debug/Debug.bindings.h Line: 35)

Checking become safe, isDaytime False isSafe: False isDangerous: False, enemManager: Enemies attacking: False retaliations: 0 
(Filename: ./Runtime/Export/Debug/Debug.bindings.h Line: 35)

Checking become safe, isDaytime False isSafe: False isDangerous: False, enemManager: Enemies attacking: False retaliations: 0 
(Filename: ./Runtime/Export/Debug/Debug.bindings.h Line: 35)

Checking become safe, isDaytime False isSafe: False isDangerous: False, enemManager: Enemies attacking: False retaliations: 0 
(Filename: ./Runtime/Export/Debug/Debug.bindings.h Line: 35)

Checking become safe, isDaytime False isSafe: False isDangerous: False, enemManager: Enemies attacking: False retaliations: 0 
(Filename: ./Runtime/Export/Debug/Debug.bindings.h Line: 35)

Checking become safe, isDaytime False isSafe: False isDangerous: False, enemManager: Enemies attacking: False retaliations: 0 
(Filename: ./Runtime/Export/Debug/Debug.bindings.h Line: 35)

Checking become safe, isDaytime False isSafe: False isDangerous: False, enemManager: Enemies attacking: False retaliations: 0 
(Filename: ./Runtime/Export/Debug/Debug.bindings.h Line: 35)

Checking become safe, isDaytime False isSafe: False isDangerous: False, enemManager: Enemies attacking: False retaliations: 0 
(Filename: ./Runtime/Export/Debug/Debug.bindings.h Line: 35)

Checking become safe, isDaytime False isSafe: False isDangerous: False, enemManager: Enemies attacking: False retaliations: 0 
(Filename: ./Runtime/Export/Debug/Debug.bindings.h Line: 35)

Checking become safe, isDaytime False isSafe: False isDangerous: False, enemManager: Enemies attacking: False retaliations: 0 
(Filename: ./Runtime/Export/Debug/Debug.bindings.h Line: 35)

Checking become safe, isDaytime False isSafe: False isDangerous: False, enemManager: Enemies attacking: False retaliations: 0 
(Filename: ./Runtime/Export/Debug/Debug.bindings.h Line: 35)

Checking become safe, isDaytime False isSafe: False isDangerous: False, enemManager: Enemies attacking: False retaliations: 0 
(Filename: ./Runtime/Export/Debug/Debug.bindings.h Line: 35)

Checking become safe, isDaytime False isSafe: False isDangerous: False, enemManager: Enemies attacking: False retaliations: 0 
(Filename: ./Runtime/Export/Debug/Debug.bindings.h Line: 35)

Checking become safe, isDaytime False isSafe: False isDangerous: False, enemManager: Enemies attacking: False retaliations: 0 
(Filename: ./Runtime/Export/Debug/Debug.bindings.h Line: 35)

Checking become safe, isDaytime False isSafe: False isDangerous: False, enemManager: Enemies attacking: False retaliations: 0 
(Filename: ./Runtime/Export/Debug/Debug.bindings.h Line: 35)

Checking become safe, isDaytime False isSafe: False isDangerous: False, enemManager: Enemies attacking: False retaliations: 0 
(Filename: ./Runtime/Export/Debug/Debug.bindings.h Line: 35)

Checking become safe, isDaytime False isSafe: False isDangerous: False, enemManager: Enemies attacking: False retaliations: 0 
(Filename: ./Runtime/Export/Debug/Debug.bindings.h Line: 35)

Checking become safe, isDaytime False isSafe: False isDangerous: False, enemManager: Enemies attacking: False retaliations: 0 
(Filename: ./Runtime/Export/Debug/Debug.bindings.h Line: 35)

Checking become safe, isDaytime False isSafe: False isDangerous: False, enemManager: Enemies attacking: False retaliations: 0 
(Filename: ./Runtime/Export/Debug/Debug.bindings.h Line: 35)

Checking become safe, isDaytime False isSafe: False isDangerous: False, enemManager: Enemies attacking: False retaliations: 0 
(Filename: ./Runtime/Export/Debug/Debug.bindings.h Line: 35)

Checking become safe, isDaytime False isSafe: False isDangerous: False, enemManager: Enemies attacking: False retaliations: 0 
(Filename: ./Runtime/Export/Debug/Debug.bindings.h Line: 35)

Checking become safe, isDaytime False isSafe: False isDangerous: False, enemManager: Enemies attacking: False retaliations: 0 
(Filename: ./Runtime/Export/Debug/Debug.bindings.h Line: 35)

Checking become safe, isDaytime False isSafe: False isDangerous: False, enemManager: Enemies attacking: False retaliations: 0 
(Filename: ./Runtime/Export/Debug/Debug.bindings.h Line: 35)

Checking become safe, isDaytime False isSafe: False isDangerous: False, enemManager: Enemies attacking: False retaliations: 0 
(Filename: ./Runtime/Export/Debug/Debug.bindings.h Line: 35)

Checking become safe, isDaytime False isSafe: False isDangerous: False, enemManager: Enemies attacking: False retaliations: 0 
(Filename: ./Runtime/Export/Debug/Debug.bindings.h Line: 35)

[CAVE] Player collided with portal 
(Filename: ./Runtime/Export/Debug/Debug.bindings.h Line: 35)

Checking become safe, isDaytime False isSafe: False isDangerous: False, enemManager: Enemies attacking: False retaliations: 0 
(Filename: ./Runtime/Export/Debug/Debug.bindings.h Line: 35)

Checking become safe, isDaytime False isSafe: False isDangerous: False, enemManager: Enemies attacking: False retaliations: 0 
(Filename: ./Runtime/Export/Debug/Debug.bindings.h Line: 35)

SteamPlatformManager.CheckIfDlcIsAvailable. AppId_t:1708680, isAvailable:False. 
(Filename: ./Runtime/Export/Debug/Debug.bindings.h Line: 35)

DPI 0 (50) h: 21.6 
(Filename: ./Runtime/Export/Debug/Debug.bindings.h Line: 35)

[RP]Setting rich presence: InMenu 
(Filename: ./Runtime/Export/Debug/Debug.bindings.h Line: 35)

Menu._ShowMainPanel 1. targetDepth: 1 
(Filename: ./Runtime/Export/Debug/Debug.bindings.h Line: 35)

Menu._ShowMainPanel 2. targetDepth: 1 
(Filename: ./Runtime/Export/Debug/Debug.bindings.h Line: 35)

Menu._ShowMainPanel 3. targetDepth: 1 
(Filename: ./Runtime/Export/Debug/Debug.bindings.h Line: 35)

pogpog 
(Filename: ./Runtime/Export/Debug/Debug.bindings.h Line: 35)

[CAVE] Saving state: None 
(Filename: ./Runtime/Export/Debug/Debug.bindings.h Line: 35)

IslandSaveData Save, Success 
(Filename: ./Runtime/Export/Debug/Debug.bindings.h Line: 35)

GlobalSaveData Save, Success 
(Filename: ./Runtime/Export/Debug/Debug.bindings.h Line: 35)

Menu._ShowMainPanel 3. targetDepth: 0 
(Filename: ./Runtime/Export/Debug/Debug.bindings.h Line: 35)

<color=red>(Playfab)</color> Failed aborting file upload: /File/AbortFileUploads PlayFabError(FileNotFound, The file island-v35-c1-l0 was not found on the profile., 400 BadRequest) 
(Filename: ./Runtime/Export/Debug/Debug.bindings.h Line: 35)

<color=red>(Playfab)</color> /File/AbortFileUploads: The file island-v35-c1-l0 was not found on the profile. 
(Filename: ./Runtime/Export/Debug/Debug.bindings.h Line: 35)

<color=blue>(Playfab)</color> Upload of file global-v35 was successful 
(Filename: ./Runtime/Export/Debug/Debug.bindings.h Line: 35)

<color=blue>(Playfab)</color> Upload of file island-v35-c1-l0 was successful 
(Filename: ./Runtime/Export/Debug/Debug.bindings.h Line: 35)

<color=blue>(Playfab)</color> Upload SaveData result: UploadSuccess 
(Filename: ./Runtime/Export/Debug/Debug.bindings.h Line: 35)

Setting up 4 worker threads for Enlighten.
  Thread -> id: 7f60675ff6c0 -> priority: 1 
  Thread -> id: 7f603ffff6c0 -> priority: 1 
  Thread -> id: 7f6064e8f6c0 -> priority: 1 
  Thread -> id: 7f6065e916c0 -> priority: 1 
