2022-12-19 20:41:22.215 [info] Log level: Info
2022-12-19 20:41:22.215 [info] Validating found git in: "git"
2022-12-19 20:41:22.215 [info] Using git "2.39.0" from "git"
2022-12-19 20:42:13.160 [info] Log level: Info
2022-12-19 20:42:13.160 [info] Validating found git in: "git"
2022-12-19 20:42:13.160 [info] Using git "2.39.0" from "git"
2022-12-19 20:42:13.160 [info] > git rev-parse --show-toplevel [3ms]
2022-12-19 20:42:13.160 [info] fatal: not a git repository (or any parent up to mount point /)
Stopping at filesystem boundary (GIT_DISCOVERY_ACROSS_FILESYSTEM not set).
2022-12-19 20:42:13.160 [info] > git rev-parse --show-toplevel [1ms]
2022-12-19 20:42:13.160 [info] fatal: not a git repository (or any parent up to mount point /)
Stopping at filesystem boundary (GIT_DISCOVERY_ACROSS_FILESYSTEM not set).
2022-12-19 20:42:13.160 [info] > git rev-parse --show-toplevel [1ms]
2022-12-19 20:42:13.160 [info] fatal: not a git repository (or any parent up to mount point /)
Stopping at filesystem boundary (GIT_DISCOVERY_ACROSS_FILESYSTEM not set).
2022-12-19 20:42:13.161 [info] > git rev-parse --show-toplevel [15ms]
2022-12-19 20:42:13.161 [info] fatal: not a git repository (or any parent up to mount point /)
Stopping at filesystem boundary (GIT_DISCOVERY_ACROSS_FILESYSTEM not set).
2022-12-19 20:42:14.522 [info] > git rev-parse --show-toplevel [1ms]
2022-12-19 20:42:14.522 [info] fatal: not a git repository (or any parent up to mount point /)
Stopping at filesystem boundary (GIT_DISCOVERY_ACROSS_FILESYSTEM not set).
2022-12-19 20:42:15.405 [info] > git rev-parse --show-toplevel [1ms]
2022-12-19 20:42:15.405 [info] fatal: not a git repository (or any parent up to mount point /)
Stopping at filesystem boundary (GIT_DISCOVERY_ACROSS_FILESYSTEM not set).
2022-12-19 20:42:16.314 [info] > git rev-parse --show-toplevel [1ms]
2022-12-19 20:42:16.314 [info] fatal: not a git repository (or any parent up to mount point /)
Stopping at filesystem boundary (GIT_DISCOVERY_ACROSS_FILESYSTEM not set).
2022-12-19 20:42:17.363 [info] > git rev-parse --show-toplevel [1ms]
2022-12-19 20:42:17.363 [info] fatal: not a git repository (or any parent up to mount point /)
Stopping at filesystem boundary (GIT_DISCOVERY_ACROSS_FILESYSTEM not set).
