2022-12-19 20:41:21.206 [info] Added views:workbench.panel.markers.view in workbench.panel.markers
2022-12-19 20:41:21.206 [info] Added views:workbench.panel.output in workbench.panel.output
2022-12-19 20:41:21.206 [info] Added views:terminal in terminal
2022-12-19 20:41:21.206 [info] Added views:outline in workbench.view.explorer
2022-12-19 20:41:21.206 [info] Added views:workbench.scm in workbench.view.scm
2022-12-19 20:41:21.206 [info] Added views:workbench.view.search in workbench.view.search
2022-12-19 20:41:21.206 [info] Added views:timeline in workbench.view.explorer
2022-12-19 20:41:21.206 [info] Added views:workbench.explorer.emptyView in workbench.view.explorer
2022-12-19 20:41:21.315 [info] Added views:workbench.debug.welcome in workbench.view.debug
2022-12-19 20:41:21.966 [info] Added views:workbench.panel.repl.view in workbench.panel.repl
2022-12-19 20:41:24.240 [info] Added views:workbench.views.extensions.installed,workbench.views.extensions.popular,extensions.recommendedList in workbench.view.extensions
2022-12-19 20:41:24.242 [info] Removed views:workbench.views.extensions.popular from workbench.view.extensions
2022-12-19 20:41:24.490 [info] Added views:workbench.views.extensions.popular in workbench.view.extensions
2022-12-19 20:41:38.307 [info] Removed views:extensions.recommendedList,workbench.views.extensions.popular,workbench.views.extensions.installed from workbench.view.extensions
2022-12-19 20:41:38.325 [info] Added views:workbench.views.extensions.marketplace in workbench.view.extensions
2022-12-19 20:42:12.312 [info] Added views:workbench.panel.markers.view in workbench.panel.markers
2022-12-19 20:42:12.312 [info] Added views:workbench.panel.output in workbench.panel.output
2022-12-19 20:42:12.312 [info] Added views:terminal in terminal
2022-12-19 20:42:12.312 [info] Added views:outline in workbench.view.explorer
2022-12-19 20:42:12.312 [info] Added views:workbench.scm in workbench.view.scm
2022-12-19 20:42:12.312 [info] Added views:workbench.view.search in workbench.view.search
2022-12-19 20:42:12.312 [info] Added views:timeline in workbench.view.explorer
2022-12-19 20:42:12.312 [info] Added views:workbench.explorer.fileView in workbench.view.explorer
2022-12-19 20:42:12.312 [info] Added views:workbench.debug.variablesView,workbench.debug.watchExpressionsView,workbench.debug.callStackView,workbench.debug.breakPointsView in workbench.view.debug
2022-12-19 20:42:13.023 [info] Added views:workbench.panel.repl.view in workbench.panel.repl
2022-12-19 20:42:13.025 [info] Removed views:workbench.debug.breakPointsView,workbench.debug.callStackView,workbench.debug.watchExpressionsView,workbench.debug.variablesView from workbench.view.debug
2022-12-19 20:42:13.026 [info] Added views:workbench.debug.welcome in workbench.view.debug
