2023-02-08 20:00:11.426 [info] Log level: Info
2023-02-08 20:00:11.426 [info] Validating found git in: "git"
2023-02-08 20:00:11.426 [info] Using git "2.39.1" from "git"
2023-02-08 20:00:18.938 [info] Log level: Info
2023-02-08 20:00:18.938 [info] Validating found git in: "git"
2023-02-08 20:00:18.938 [info] Using git "2.39.1" from "git"
2023-02-08 20:00:18.938 [info] > git rev-parse --show-toplevel [3ms]
2023-02-08 20:00:18.938 [info] fatal: not a git repository (or any parent up to mount point /)
Stopping at filesystem boundary (GIT_DISCOVERY_ACROSS_FILESYSTEM not set).
2023-02-08 20:00:18.938 [info] > git rev-parse --show-toplevel [30ms]
2023-02-08 20:00:18.938 [info] fatal: not a git repository (or any parent up to mount point /)
Stopping at filesystem boundary (GIT_DISCOVERY_ACROSS_FILESYSTEM not set).
2023-02-08 20:00:18.944 [info] > git rev-parse --show-toplevel [3ms]
2023-02-08 20:00:18.944 [info] fatal: not a git repository (or any parent up to mount point /)
Stopping at filesystem boundary (GIT_DISCOVERY_ACROSS_FILESYSTEM not set).
2023-02-08 20:00:20.260 [info] > git rev-parse --show-toplevel [1ms]
2023-02-08 20:00:20.260 [info] fatal: not a git repository (or any parent up to mount point /)
Stopping at filesystem boundary (GIT_DISCOVERY_ACROSS_FILESYSTEM not set).
2023-02-08 20:00:20.964 [info] > git rev-parse --show-toplevel [1ms]
2023-02-08 20:00:20.964 [info] fatal: not a git repository (or any parent up to mount point /)
Stopping at filesystem boundary (GIT_DISCOVERY_ACROSS_FILESYSTEM not set).
2023-02-08 20:00:22.404 [info] > git rev-parse --show-toplevel [1ms]
2023-02-08 20:00:22.404 [info] fatal: not a git repository (or any parent up to mount point /)
Stopping at filesystem boundary (GIT_DISCOVERY_ACROSS_FILESYSTEM not set).
2023-02-08 20:00:23.199 [info] > git rev-parse --show-toplevel [1ms]
2023-02-08 20:00:23.199 [info] fatal: not a git repository (or any parent up to mount point /)
Stopping at filesystem boundary (GIT_DISCOVERY_ACROSS_FILESYSTEM not set).
2023-02-08 20:00:25.471 [info] > git rev-parse --show-toplevel [1ms]
2023-02-08 20:00:25.471 [info] fatal: not a git repository (or any parent up to mount point /)
Stopping at filesystem boundary (GIT_DISCOVERY_ACROSS_FILESYSTEM not set).
2023-02-08 20:00:45.819 [info] > git rev-parse --show-toplevel [2ms]
2023-02-08 20:00:45.819 [info] fatal: not a git repository (or any parent up to mount point /)
Stopping at filesystem boundary (GIT_DISCOVERY_ACROSS_FILESYSTEM not set).
2023-02-08 20:00:54.838 [info] > git rev-parse --show-toplevel [1ms]
2023-02-08 20:00:54.838 [info] fatal: not a git repository (or any parent up to mount point /)
Stopping at filesystem boundary (GIT_DISCOVERY_ACROSS_FILESYSTEM not set).
