2022-11-22 20:14:36.985 [info] Validating found git in: git
2022-11-22 20:14:36.985 [info] Using git 2.38.1 from git
2022-11-22 20:14:36.985 [info] > git rev-parse --show-toplevel [2ms]
2022-11-22 20:14:36.985 [info] fatal: not a git repository (or any parent up to mount point /)
Stopping at filesystem boundary (GIT_DISCOVERY_ACROSS_FILESYSTEM not set).
2022-11-22 20:14:37.178 [info] > git rev-parse --show-toplevel [1ms]
2022-11-22 20:14:37.178 [info] fatal: not a git repository (or any parent up to mount point /)
Stopping at filesystem boundary (GIT_DISCOVERY_ACROSS_FILESYSTEM not set).
2022-11-22 20:14:37.190 [info] > git rev-parse --show-toplevel [1ms]
2022-11-22 20:14:37.190 [info] fatal: not a git repository (or any parent up to mount point /)
Stopping at filesystem boundary (GIT_DISCOVERY_ACROSS_FILESYSTEM not set).
2022-11-22 20:14:37.851 [info] > git rev-parse --show-toplevel [1ms]
2022-11-22 20:14:37.851 [info] fatal: not a git repository (or any parent up to mount point /)
Stopping at filesystem boundary (GIT_DISCOVERY_ACROSS_FILESYSTEM not set).
2022-11-22 20:14:38.615 [info] > git rev-parse --show-toplevel [1ms]
2022-11-22 20:14:38.615 [info] fatal: not a git repository (or any parent up to mount point /)
Stopping at filesystem boundary (GIT_DISCOVERY_ACROSS_FILESYSTEM not set).
2022-11-22 20:14:56.461 [info] Validating found git in: git
2022-11-22 20:14:56.461 [info] Using git 2.38.1 from git
2022-11-22 20:14:56.461 [info] > git rev-parse --show-toplevel [12ms]
2022-11-22 20:14:56.461 [info] fatal: not a git repository (or any parent up to mount point /)
Stopping at filesystem boundary (GIT_DISCOVERY_ACROSS_FILESYSTEM not set).
2022-11-22 20:14:56.466 [info] > git rev-parse --show-toplevel [24ms]
2022-11-22 20:14:56.466 [info] fatal: not a git repository (or any parent up to mount point /)
Stopping at filesystem boundary (GIT_DISCOVERY_ACROSS_FILESYSTEM not set).
2022-11-22 20:14:56.471 [info] > git rev-parse --show-toplevel [1ms]
2022-11-22 20:14:56.471 [info] fatal: not a git repository (or any parent up to mount point /)
Stopping at filesystem boundary (GIT_DISCOVERY_ACROSS_FILESYSTEM not set).
2022-11-22 20:14:57.802 [info] > git rev-parse --show-toplevel [1ms]
2022-11-22 20:14:57.802 [info] fatal: not a git repository (or any parent up to mount point /)
Stopping at filesystem boundary (GIT_DISCOVERY_ACROSS_FILESYSTEM not set).
2022-11-22 20:19:33.418 [info] > git rev-parse --show-toplevel [2ms]
2022-11-22 20:19:33.418 [info] fatal: not a git repository (or any parent up to mount point /)
Stopping at filesystem boundary (GIT_DISCOVERY_ACROSS_FILESYSTEM not set).
