(17:13:34) INFO:    [Connection]:       Connectivity: check-online
(17:13:34) INFO:    [Connection]:       Pinging external endpoints
(17:13:34) INFO:    [Legendary]:        Running command: /opt/Heroic/resources/app.asar.unpacked/build/bin/linux/legendary --version
(17:13:34) INFO:    [Legendary]:        Legendary location: /opt/Heroic/resources/app.asar.unpacked/build/bin/linux/legendary
(17:13:34) INFO:    [Gog]:              GOGDL location: /opt/Heroic/resources/app.asar.unpacked/build/bin/linux/gogdl
(17:13:34) WARNING: [Backend]:          Protocol already registered.
(17:13:34) INFO:    [Connection]:       Connectivity: online
(17:13:34) INFO:    [Gog]:              Running command: /opt/Heroic/resources/app.asar.unpacked/build/bin/linux/gogdl --version
(17:13:34) INFO:    [Backend]:          AreWeAntiCheatYet data downloaded
(17:13:35) INFO:    [Backend]:          Checking for new Heroic Updates
(17:13:35) INFO:    [Backend]:          Checking for current version changelog
(17:13:35) INFO:    [Frontend]:         Refreshing Library
(17:13:35) INFO:    [Legendary]:        Refreshing library...
(17:13:35) INFO:    [Legendary]:        Refreshing Epic Games...
(17:13:35) INFO:    [Legendary]:        Game list updated, got 25 games & DLCs
(17:13:35) INFO:    [Backend]:          Frontend Ready
(17:13:35) INFO:    [Legendary]:        Running command: /opt/Heroic/resources/app.asar.unpacked/build/bin/linux/legendary list --third-party
(17:13:35) INFO:    [Backend]:          

Heroic Version: 2.5.2 Yamato
Legendary Version:  0.20.31 Dark Energy (hotfix #5)
GOGdl Version: 0.5
OS: Arch KERNEL: 6.0.15-273-tkg-pds ARCH: x64
CPU: Intel Core™ i5-10300H @2.5 GOVERNOR: ondemand
RAM: Total: 7.6 GiB Available: 5.31 GiB
GRAPHICS: GPU0: CometLake-H GT2 [UHD Graphics]  VRAM: 256MB  GPU1: NVIDIA GeForce GTX 1650 VRAM: 4096MB DRIVER: 525.60.11 
PROTOCOL: tty

(17:13:36) INFO:    [Winetricks]:       Downloading Winetricks
(17:13:37) INFO:    [Legendary]:        Checking if EOS Overlay is enabled: /opt/Heroic/resources/app.asar.unpacked/build/bin/linux/legendary eos-overlay info --prefix "/home/chad/Games/Heroic/Prefixes/Death Stranding/pfx"
(17:13:37) INFO:    [Backend]:          Using cached HowLongToBeat data for Death Stranding 
(17:13:37) DEBUG:   [Legendary]:        Using cached install info
(17:13:37) DEBUG:   [Legendary]:        Using cached install info
(17:13:37) INFO:    [Legendary]:        Abort command "/opt/Heroic/resources/app.asar.unpacked/build/bin/linux/legendary eos-overlay info --prefix "/home/chad/Games/Heroic/Prefixes/Death Stranding/pfx""
(17:13:40) INFO:    [Backend]:          Starting the Download Queue
(17:14:09) DEBUG:   [Backend]:          Running Wine command: run wineboot --init
(17:14:10) INFO:    [Legendary]:        Computing default save path for Boga
(17:14:10) INFO:    [Legendary]:        Getting default save path: STEAM_COMPAT_CLIENT_INSTALL_PATH=/home/chad/.steam/steam STEAM_COMPAT_DATA_PATH="/home/chad/Games/Heroic/Prefixes/Death Stranding" DXVK_HUD=fps PROTON_NO_ESYNC=1 PROTON_NO_FSYNC=1 STEAM_COMPAT_APP_ID=0 SteamAppId=0 SteamGameId=heroic-0 PROTON_LOG_DIR=/home/chad /opt/Heroic/resources/app.asar.unpacked/build/bin/linux/legendary sync-saves Boga --skip-upload --skip-download --accept-path
(17:14:12) INFO:    [Legendary]:        installed.json updated, refreshing library
(17:14:12) ERROR:   [Legendary]:        Unable to compute default save path for Boga
(17:14:12) INFO:    [Backend]:          Writing config for Boga
(17:14:12) INFO:    [Backend]:          Changed config: savesPath from undefined to {appdata}/../locallow/KojimaProductions/DeathStranding/{EpicID}/
(17:14:33) INFO:    [Backend]:          Preventing machine to sleep
(17:14:33) INFO:    [Legendary]:        Uninstalling Boga: /opt/Heroic/resources/app.asar.unpacked/build/bin/linux/legendary uninstall Boga -y
(17:14:34) INFO:    [Legendary]:        installed.json updated, refreshing library
(17:14:34) INFO:    [Backend]:          Desktop shortcut removed
(17:14:34) INFO:    [Backend]:          Applications shortcut removed
(17:14:34) INFO:    [Backend]:          Removing prefix /home/chad/Games/Heroic/Prefixes/Death Stranding
(17:14:34) INFO:    [Backend]:          Finished uninstalling
(17:14:34) INFO:    [Frontend]:         Refreshing Library
(17:14:34) INFO:    [Legendary]:        Refreshing library...
(17:14:34) INFO:    [Legendary]:        Game list updated, got 26 games & DLCs
(17:14:34) INFO:    [Frontend]:         Force Update
